TN:
SF:src/App.tsx
FN:11,App
FNF:1
FNH:0
FNDA:0,App
DA:12,0
LF:1
LH:0
BRF:0
BRH:0
end_of_record
TN:
SF:src/main.tsx
FNF:0
FNH:0
DA:7,0
LF:1
LH:0
BRF:0
BRH:0
end_of_record
TN:
SF:src/agents/BaseExecutionAgent.ts
FN:69,(anonymous_7)
FN:82,(anonymous_8)
FN:115,(anonymous_9)
FN:142,(anonymous_11)
FN:143,(anonymous_12)
FN:217,(anonymous_13)
FN:225,(anonymous_14)
FN:232,(anonymous_15)
FN:253,(anonymous_17)
FN:267,(anonymous_18)
FN:274,(anonymous_19)
FN:278,(anonymous_20)
FN:293,(anonymous_21)
FN:300,(anonymous_22)
FN:304,(anonymous_23)
FN:308,(anonymous_24)
FN:312,(anonymous_25)
FN:316,(anonymous_26)
FN:320,(anonymous_27)
FNF:19
FNH:0
FNDA:0,(anonymous_7)
FNDA:0,(anonymous_8)
FNDA:0,(anonymous_9)
FNDA:0,(anonymous_11)
FNDA:0,(anonymous_12)
FNDA:0,(anonymous_13)
FNDA:0,(anonymous_14)
FNDA:0,(anonymous_15)
FNDA:0,(anonymous_17)
FNDA:0,(anonymous_18)
FNDA:0,(anonymous_19)
FNDA:0,(anonymous_20)
FNDA:0,(anonymous_21)
FNDA:0,(anonymous_22)
FNDA:0,(anonymous_23)
FNDA:0,(anonymous_24)
FNDA:0,(anonymous_25)
FNDA:0,(anonymous_26)
FNDA:0,(anonymous_27)
DA:63,0
DA:64,0
DA:67,0
DA:70,0
DA:71,0
DA:72,0
DA:73,0
DA:74,0
DA:75,0
DA:76,0
DA:77,0
DA:79,0
DA:83,0
DA:116,0
DA:117,0
DA:120,0
DA:131,0
DA:132,0
DA:133,0
DA:134,0
DA:136,0
DA:138,0
DA:139,0
DA:142,0
DA:143,0
DA:147,0
DA:152,0
DA:153,0
DA:154,0
DA:157,0
DA:160,0
DA:166,0
DA:167,0
DA:169,0
DA:175,0
DA:177,0
DA:178,0
DA:179,0
DA:182,0
DA:185,0
DA:186,0
DA:187,0
DA:189,0
DA:190,0
DA:192,0
DA:195,0
DA:196,0
DA:202,0
DA:205,0
DA:211,0
DA:218,0
DA:219,0
DA:220,0
DA:221,0
DA:222,0
DA:226,0
DA:227,0
DA:228,0
DA:233,0
DA:234,0
DA:236,0
DA:237,0
DA:239,0
DA:241,0
DA:245,0
DA:246,0
DA:248,0
DA:254,0
DA:256,0
DA:257,0
DA:259,0
DA:260,0
DA:263,0
DA:264,0
DA:268,0
DA:269,0
DA:275,0
DA:279,0
DA:280,0
DA:281,0
DA:282,0
DA:284,0
DA:285,0
DA:287,0
DA:288,0
DA:294,0
DA:301,0
DA:305,0
DA:309,0
DA:313,0
DA:317,0
DA:321,0
DA:322,0
DA:323,0
DA:326,0
DA:327,0
DA:329,0
DA:331,0
LF:98
LH:0
BRDA:76,0,0,0
BRDA:76,0,1,0
BRDA:77,1,0,0
BRDA:77,1,1,0
BRDA:178,2,0,0
BRDA:178,2,1,0
BRDA:189,3,0,0
BRDA:189,3,1,0
BRDA:195,4,0,0
BRDA:195,4,1,0
BRDA:227,5,0,0
BRDA:227,5,1,0
BRDA:236,6,0,0
BRDA:236,6,1,0
BRDA:245,7,0,0
BRDA:245,7,1,0
BRDA:253,8,0,0
BRDA:253,9,0,0
BRDA:256,10,0,0
BRDA:256,10,1,0
BRDA:279,11,0,0
BRDA:279,11,1,0
BRDA:287,12,0,0
BRDA:287,12,1,0
BRDA:321,13,0,0
BRDA:321,13,1,0
BRF:26
BRH:0
end_of_record
TN:
SF:src/agents/GUI_Automation_Agent.ts
FN:60,(anonymous_7)
FN:71,(anonymous_8)
FN:125,(anonymous_10)
FN:148,(anonymous_12)
FN:174,(anonymous_14)
FN:210,(anonymous_16)
FN:220,(anonymous_17)
FN:224,(anonymous_18)
FN:239,(anonymous_20)
FN:303,(anonymous_22)
FN:339,(anonymous_24)
FN:423,(anonymous_26)
FN:437,(anonymous_28)
FN:491,(anonymous_29)
FN:494,(anonymous_31)
FN:497,(anonymous_32)
FN:522,(anonymous_34)
FN:575,(anonymous_36)
FN:588,(anonymous_38)
FN:601,(anonymous_40)
FN:613,(anonymous_42)
FN:630,(anonymous_44)
FN:646,(anonymous_46)
FN:660,(anonymous_48)
FN:675,(anonymous_50)
FN:702,(anonymous_52)
FN:726,(anonymous_54)
FN:758,(anonymous_56)
FN:758,(anonymous_57)
FN:759,(anonymous_58)
FN:768,(anonymous_59)
FN:772,(anonymous_60)
FN:776,(anonymous_61)
FN:788,(anonymous_62)
FN:792,(anonymous_63)
FNF:35
FNH:0
FNDA:0,(anonymous_7)
FNDA:0,(anonymous_8)
FNDA:0,(anonymous_10)
FNDA:0,(anonymous_12)
FNDA:0,(anonymous_14)
FNDA:0,(anonymous_16)
FNDA:0,(anonymous_17)
FNDA:0,(anonymous_18)
FNDA:0,(anonymous_20)
FNDA:0,(anonymous_22)
FNDA:0,(anonymous_24)
FNDA:0,(anonymous_26)
FNDA:0,(anonymous_28)
FNDA:0,(anonymous_29)
FNDA:0,(anonymous_31)
FNDA:0,(anonymous_32)
FNDA:0,(anonymous_34)
FNDA:0,(anonymous_36)
FNDA:0,(anonymous_38)
FNDA:0,(anonymous_40)
FNDA:0,(anonymous_42)
FNDA:0,(anonymous_44)
FNDA:0,(anonymous_46)
FNDA:0,(anonymous_48)
FNDA:0,(anonymous_50)
FNDA:0,(anonymous_52)
FNDA:0,(anonymous_54)
FNDA:0,(anonymous_56)
FNDA:0,(anonymous_57)
FNDA:0,(anonymous_58)
FNDA:0,(anonymous_59)
FNDA:0,(anonymous_60)
FNDA:0,(anonymous_61)
FNDA:0,(anonymous_62)
FNDA:0,(anonymous_63)
DA:56,0
DA:57,0
DA:58,0
DA:61,0
DA:63,0
DA:64,0
DA:65,0
DA:66,0
DA:67,0
DA:68,0
DA:72,0
DA:73,0
DA:76,0
DA:79,0
DA:80,0
DA:82,0
DA:84,0
DA:85,0
DA:86,0
DA:88,0
DA:89,0
DA:90,0
DA:92,0
DA:94,0
DA:96,0
DA:97,0
DA:98,0
DA:99,0
DA:101,0
DA:102,0
DA:104,0
DA:105,0
DA:109,0
DA:110,0
DA:113,0
DA:115,0
DA:116,0
DA:119,0
DA:120,0
DA:121,0
DA:126,0
DA:127,0
DA:130,0
DA:133,0
DA:134,0
DA:138,0
DA:140,0
DA:143,0
DA:144,0
DA:149,0
DA:150,0
DA:153,0
DA:154,0
DA:160,0
DA:161,0
DA:164,0
DA:166,0
DA:169,0
DA:170,0
DA:175,0
DA:176,0
DA:178,0
DA:187,0
DA:188,0
DA:192,0
DA:194,0
DA:195,0
DA:197,0
DA:198,0
DA:200,0
DA:203,0
DA:210,0
DA:212,0
DA:215,0
DA:216,0
DA:221,0
DA:225,0
DA:227,0
DA:228,0
DA:229,0
DA:231,0
DA:234,0
DA:235,0
DA:240,0
DA:243,0
DA:295,0
DA:298,0
DA:299,0
DA:310,0
DA:311,0
DA:312,0
DA:314,0
DA:315,0
DA:317,0
DA:318,0
DA:319,0
DA:320,0
DA:322,0
DA:326,0
DA:327,0
DA:329,0
DA:346,0
DA:347,0
DA:350,0
DA:351,0
DA:355,0
DA:356,0
DA:358,0
DA:359,0
DA:361,0
DA:362,0
DA:364,0
DA:365,0
DA:367,0
DA:368,0
DA:370,0
DA:371,0
DA:372,0
DA:373,0
DA:374,0
DA:375,0
DA:377,0
DA:389,0
DA:392,0
DA:393,0
DA:395,0
DA:403,0
DA:405,0
DA:413,0
DA:430,0
DA:431,0
DA:434,0
DA:435,0
DA:436,0
DA:437,0
DA:442,0
DA:443,0
DA:445,0
DA:446,0
DA:448,0
DA:449,0
DA:451,0
DA:452,0
DA:454,0
DA:455,0
DA:457,0
DA:458,0
DA:459,0
DA:460,0
DA:461,0
DA:462,0
DA:467,0
DA:471,0
DA:473,0
DA:481,0
DA:493,0
DA:494,0
DA:499,0
DA:500,0
DA:504,0
DA:505,0
DA:509,0
DA:510,0
DA:515,0
DA:523,0
DA:525,0
DA:526,0
DA:528,0
DA:531,0
DA:533,0
DA:534,0
DA:536,0
DA:537,0
DA:539,0
DA:540,0
DA:542,0
DA:543,0
DA:545,0
DA:548,0
DA:551,0
DA:553,0
DA:563,0
DA:564,0
DA:576,0
DA:578,0
DA:579,0
DA:580,0
DA:581,0
DA:583,0
DA:584,0
DA:589,0
DA:591,0
DA:592,0
DA:593,0
DA:594,0
DA:596,0
DA:597,0
DA:602,0
DA:603,0
DA:604,0
DA:605,0
DA:606,0
DA:608,0
DA:609,0
DA:614,0
DA:615,0
DA:616,0
DA:618,0
DA:619,0
DA:621,0
DA:622,0
DA:625,0
DA:626,0
DA:631,0
DA:634,0
DA:642,0
DA:648,0
DA:649,0
DA:657,0
DA:662,0
DA:664,0
DA:672,0
DA:676,0
DA:677,0
DA:680,0
DA:682,0
DA:683,0
DA:685,0
DA:686,0
DA:688,0
DA:689,0
DA:691,0
DA:694,0
DA:695,0
DA:698,0
DA:703,0
DA:704,0
DA:707,0
DA:710,0
DA:713,0
DA:714,0
DA:718,0
DA:721,0
DA:722,0
DA:727,0
DA:728,0
DA:731,0
DA:732,0
DA:733,0
DA:737,0
DA:738,0
DA:739,0
DA:743,0
DA:744,0
DA:745,0
DA:751,0
DA:754,0
DA:758,0
DA:759,0
DA:760,0
DA:766,0
DA:768,0
DA:769,0
DA:772,0
DA:773,0
DA:776,0
DA:777,0
DA:778,0
DA:780,0
DA:784,0
DA:789,0
DA:793,0
LF:272
LH:0
BRDA:63,0,0,0
BRDA:63,0,1,0
BRDA:64,1,0,0
BRDA:64,1,1,0
BRDA:65,2,0,0
BRDA:65,2,1,0
BRDA:66,3,0,0
BRDA:66,3,1,0
BRDA:67,4,0,0
BRDA:67,4,1,0
BRDA:68,5,0,0
BRDA:68,5,1,0
BRDA:86,6,0,0
BRDA:86,6,1,0
BRDA:96,7,0,0
BRDA:96,7,1,0
BRDA:104,8,0,0
BRDA:104,8,1,0
BRDA:119,9,0,0
BRDA:119,9,1,0
BRDA:133,10,0,0
BRDA:133,10,1,0
BRDA:143,11,0,0
BRDA:143,11,1,0
BRDA:169,12,0,0
BRDA:169,12,1,0
BRDA:187,13,0,0
BRDA:187,13,1,0
BRDA:192,14,0,0
BRDA:192,14,1,0
BRDA:192,14,2,0
BRDA:215,15,0,0
BRDA:215,15,1,0
BRDA:221,16,0,0
BRDA:221,16,1,0
BRDA:221,17,0,0
BRDA:221,17,1,0
BRDA:228,18,0,0
BRDA:228,18,1,0
BRDA:234,19,0,0
BRDA:234,19,1,0
BRDA:298,20,0,0
BRDA:298,20,1,0
BRDA:317,21,0,0
BRDA:317,21,1,0
BRDA:319,22,0,0
BRDA:319,22,1,0
BRDA:333,23,0,0
BRDA:333,23,1,0
BRDA:350,24,0,0
BRDA:350,24,1,0
BRDA:356,25,0,0
BRDA:356,25,1,0
BRDA:356,26,0,0
BRDA:356,26,1,0
BRDA:367,27,0,0
BRDA:367,27,1,0
BRDA:371,28,0,0
BRDA:371,28,1,0
BRDA:373,29,0,0
BRDA:373,29,1,0
BRDA:417,30,0,0
BRDA:417,30,1,0
BRDA:431,31,0,0
BRDA:431,31,1,0
BRDA:431,32,0,0
BRDA:431,32,1,0
BRDA:434,33,0,0
BRDA:434,33,1,0
BRDA:443,34,0,0
BRDA:443,34,1,0
BRDA:443,35,0,0
BRDA:443,35,1,0
BRDA:454,36,0,0
BRDA:454,36,1,0
BRDA:458,37,0,0
BRDA:458,37,1,0
BRDA:460,38,0,0
BRDA:460,38,1,0
BRDA:485,39,0,0
BRDA:485,39,1,0
BRDA:499,40,0,0
BRDA:499,40,1,0
BRDA:504,41,0,0
BRDA:504,41,1,0
BRDA:504,42,0,0
BRDA:504,42,1,0
BRDA:509,43,0,0
BRDA:509,43,1,0
BRDA:531,44,0,0
BRDA:531,44,1,0
BRDA:531,44,2,0
BRDA:531,44,3,0
BRDA:531,44,4,0
BRDA:569,45,0,0
BRDA:569,45,1,0
BRDA:576,46,0,0
BRDA:576,46,1,0
BRDA:583,47,0,0
BRDA:583,47,1,0
BRDA:589,48,0,0
BRDA:589,48,1,0
BRDA:596,49,0,0
BRDA:596,49,1,0
BRDA:603,50,0,0
BRDA:603,50,1,0
BRDA:608,51,0,0
BRDA:608,51,1,0
BRDA:615,52,0,0
BRDA:615,52,1,0
BRDA:625,53,0,0
BRDA:625,53,1,0
BRDA:648,54,0,0
BRDA:648,54,1,0
BRDA:662,55,0,0
BRDA:662,55,1,0
BRDA:680,56,0,0
BRDA:680,56,1,0
BRDA:680,56,2,0
BRDA:680,56,3,0
BRDA:698,57,0,0
BRDA:698,57,1,0
BRDA:710,58,0,0
BRDA:710,58,1,0
BRDA:721,59,0,0
BRDA:721,59,1,0
BRDA:731,60,0,0
BRDA:731,60,1,0
BRDA:737,61,0,0
BRDA:737,61,1,0
BRDA:754,62,0,0
BRDA:754,62,1,0
BRDA:758,63,0,0
BRDA:762,64,0,0
BRDA:762,64,1,0
BRDA:768,65,0,0
BRDA:768,65,1,0
BRDA:768,66,0,0
BRDA:768,66,1,0
BRDA:772,67,0,0
BRDA:772,67,1,0
BRDA:772,68,0,0
BRDA:772,68,1,0
BRDA:777,69,0,0
BRDA:777,69,1,0
BRF:145
BRH:0
end_of_record
TN:
SF:src/agents/General_Reasoning_Agent.ts
FN:67,(anonymous_7)
FN:80,(anonymous_8)
FN:89,(anonymous_9)
FN:137,(anonymous_11)
FN:203,(anonymous_13)
FN:282,(anonymous_15)
FN:292,(anonymous_17)
FN:323,(anonymous_18)
FN:351,(anonymous_19)
FN:360,(anonymous_21)
FN:379,(anonymous_22)
FN:420,(anonymous_23)
FN:489,(anonymous_25)
FN:495,(anonymous_27)
FN:497,(anonymous_28)
FN:511,(anonymous_29)
FN:527,(anonymous_30)
FN:563,(anonymous_32)
FN:579,(anonymous_33)
FN:586,(anonymous_34)
FN:592,(anonymous_35)
FN:608,(anonymous_36)
FN:614,(anonymous_38)
FN:638,(anonymous_39)
FN:675,(anonymous_41)
FN:684,(anonymous_42)
FN:711,(anonymous_44)
FN:716,(anonymous_45)
FN:722,(anonymous_46)
FN:733,(anonymous_48)
FN:737,(anonymous_50)
FN:751,(anonymous_51)
FN:755,(anonymous_53)
FN:767,(anonymous_54)
FN:771,(anonymous_56)
FN:783,(anonymous_57)
FN:787,(anonymous_59)
FN:799,(anonymous_60)
FN:803,(anonymous_61)
FNF:39
FNH:0
FNDA:0,(anonymous_7)
FNDA:0,(anonymous_8)
FNDA:0,(anonymous_9)
FNDA:0,(anonymous_11)
FNDA:0,(anonymous_13)
FNDA:0,(anonymous_15)
FNDA:0,(anonymous_17)
FNDA:0,(anonymous_18)
FNDA:0,(anonymous_19)
FNDA:0,(anonymous_21)
FNDA:0,(anonymous_22)
FNDA:0,(anonymous_23)
FNDA:0,(anonymous_25)
FNDA:0,(anonymous_27)
FNDA:0,(anonymous_28)
FNDA:0,(anonymous_29)
FNDA:0,(anonymous_30)
FNDA:0,(anonymous_32)
FNDA:0,(anonymous_33)
FNDA:0,(anonymous_34)
FNDA:0,(anonymous_35)
FNDA:0,(anonymous_36)
FNDA:0,(anonymous_38)
FNDA:0,(anonymous_39)
FNDA:0,(anonymous_41)
FNDA:0,(anonymous_42)
FNDA:0,(anonymous_44)
FNDA:0,(anonymous_45)
FNDA:0,(anonymous_46)
FNDA:0,(anonymous_48)
FNDA:0,(anonymous_50)
FNDA:0,(anonymous_51)
FNDA:0,(anonymous_53)
FNDA:0,(anonymous_54)
FNDA:0,(anonymous_56)
FNDA:0,(anonymous_57)
FNDA:0,(anonymous_59)
FNDA:0,(anonymous_60)
FNDA:0,(anonymous_61)
DA:63,0
DA:64,0
DA:65,0
DA:68,0
DA:70,0
DA:71,0
DA:72,0
DA:73,0
DA:74,0
DA:75,0
DA:77,0
DA:82,0
DA:83,0
DA:84,0
DA:85,0
DA:86,0
DA:90,0
DA:91,0
DA:94,0
DA:95,0
DA:97,0
DA:99,0
DA:100,0
DA:101,0
DA:103,0
DA:104,0
DA:105,0
DA:107,0
DA:109,0
DA:111,0
DA:112,0
DA:113,0
DA:114,0
DA:116,0
DA:117,0
DA:119,0
DA:120,0
DA:124,0
DA:125,0
DA:128,0
DA:129,0
DA:132,0
DA:133,0
DA:138,0
DA:141,0
DA:195,0
DA:198,0
DA:199,0
DA:210,0
DA:211,0
DA:212,0
DA:214,0
DA:215,0
DA:218,0
DA:219,0
DA:220,0
DA:223,0
DA:224,0
DA:225,0
DA:228,0
DA:229,0
DA:230,0
DA:233,0
DA:234,0
DA:235,0
DA:237,0
DA:238,0
DA:240,0
DA:241,0
DA:248,0
DA:249,0
DA:250,0
DA:251,0
DA:253,0
DA:254,0
DA:262,0
DA:272,0
DA:289,0
DA:292,0
DA:294,0
DA:305,0
DA:306,0
DA:308,0
DA:309,0
DA:310,0
DA:312,0
DA:314,0
DA:324,0
DA:327,0
DA:328,0
DA:329,0
DA:330,0
DA:331,0
DA:335,0
DA:336,0
DA:337,0
DA:338,0
DA:339,0
DA:340,0
DA:344,0
DA:345,0
DA:348,0
DA:357,0
DA:360,0
DA:362,0
DA:363,0
DA:365,0
DA:366,0
DA:367,0
DA:369,0
DA:371,0
DA:381,0
DA:383,0
DA:392,0
DA:401,0
DA:410,0
DA:427,0
DA:428,0
DA:429,0
DA:430,0
DA:432,0
DA:433,0
DA:435,0
DA:438,0
DA:442,0
DA:443,0
DA:444,0
DA:445,0
DA:446,0
DA:447,0
DA:451,0
DA:452,0
DA:453,0
DA:455,0
DA:456,0
DA:458,0
DA:468,0
DA:469,0
DA:473,0
DA:474,0
DA:475,0
DA:477,0
DA:478,0
DA:480,0
DA:495,0
DA:497,0
DA:498,0
DA:508,0
DA:513,0
DA:514,0
DA:515,0
DA:517,0
DA:518,0
DA:524,0
DA:528,0
DA:530,0
DA:531,0
DA:534,0
DA:537,0
DA:539,0
DA:541,0
DA:550,0
DA:552,0
DA:565,0
DA:567,0
DA:571,0
DA:575,0
DA:581,0
DA:582,0
DA:583,0
DA:588,0
DA:589,0
DA:593,0
DA:596,0
DA:597,0
DA:601,0
DA:602,0
DA:605,0
DA:614,0
DA:617,0
DA:618,0
DA:624,0
DA:625,0
DA:632,0
DA:645,0
DA:646,0
DA:648,0
DA:649,0
DA:651,0
DA:652,0
DA:655,0
DA:656,0
DA:660,0
DA:661,0
DA:664,0
DA:665,0
DA:667,0
DA:677,0
DA:678,0
DA:681,0
DA:689,0
DA:690,0
DA:691,0
DA:694,0
DA:695,0
DA:696,0
DA:697,0
DA:698,0
DA:702,0
DA:704,0
DA:712,0
DA:715,0
DA:716,0
DA:717,0
DA:723,0
DA:724,0
DA:726,0
DA:727,0
DA:729,0
DA:734,0
DA:735,0
DA:737,0
DA:739,0
DA:747,0
DA:752,0
DA:753,0
DA:755,0
DA:757,0
DA:763,0
DA:768,0
DA:769,0
DA:771,0
DA:773,0
DA:779,0
DA:784,0
DA:785,0
DA:787,0
DA:789,0
DA:795,0
DA:800,0
DA:804,0
LF:241
LH:0
BRDA:70,0,0,0
BRDA:70,0,1,0
BRDA:71,1,0,0
BRDA:71,1,1,0
BRDA:72,2,0,0
BRDA:72,2,1,0
BRDA:73,3,0,0
BRDA:73,3,1,0
BRDA:75,4,0,0
BRDA:75,4,1,0
BRDA:101,5,0,0
BRDA:101,5,1,0
BRDA:111,6,0,0
BRDA:111,6,1,0
BRDA:119,7,0,0
BRDA:119,7,1,0
BRDA:132,8,0,0
BRDA:132,8,1,0
BRDA:198,9,0,0
BRDA:198,9,1,0
BRDA:240,10,0,0
BRDA:240,10,1,0
BRDA:248,11,0,0
BRDA:248,11,1,0
BRDA:253,12,0,0
BRDA:253,12,1,0
BRDA:276,13,0,0
BRDA:276,13,1,0
BRDA:298,14,0,0
BRDA:298,14,1,0
BRDA:298,15,0,0
BRDA:298,15,1,0
BRDA:298,16,0,0
BRDA:298,16,1,0
BRDA:299,17,0,0
BRDA:299,17,1,0
BRDA:299,18,0,0
BRDA:299,18,1,0
BRDA:299,19,0,0
BRDA:299,19,1,0
BRDA:305,20,0,0
BRDA:305,20,1,0
BRDA:327,21,0,0
BRDA:327,21,1,0
BRDA:327,21,2,0
BRDA:327,21,3,0
BRDA:335,22,0,0
BRDA:335,22,1,0
BRDA:335,22,2,0
BRDA:335,22,3,0
BRDA:335,22,4,0
BRDA:344,23,0,0
BRDA:344,23,1,0
BRDA:344,24,0,0
BRDA:344,24,1,0
BRDA:381,25,0,0
BRDA:381,25,1,0
BRDA:381,25,2,0
BRDA:381,25,3,0
BRDA:432,26,0,0
BRDA:432,26,1,0
BRDA:442,27,0,0
BRDA:442,27,1,0
BRDA:444,28,0,0
BRDA:444,28,1,0
BRDA:461,29,0,0
BRDA:461,29,1,0
BRDA:461,30,0,0
BRDA:461,30,1,0
BRDA:462,31,0,0
BRDA:462,31,1,0
BRDA:462,32,0,0
BRDA:462,32,1,0
BRDA:462,33,0,0
BRDA:462,33,1,0
BRDA:513,34,0,0
BRDA:513,34,1,0
BRDA:514,35,0,0
BRDA:514,35,1,0
BRDA:517,36,0,0
BRDA:517,36,1,0
BRDA:558,37,0,0
BRDA:558,37,1,0
BRDA:565,38,0,0
BRDA:565,38,1,0
BRDA:565,38,2,0
BRDA:583,39,0,0
BRDA:583,39,1,0
BRDA:583,40,0,0
BRDA:583,40,1,0
BRDA:583,41,0,0
BRDA:583,41,1,0
BRDA:596,42,0,0
BRDA:596,42,1,0
BRDA:596,43,0,0
BRDA:596,43,1,0
BRDA:601,44,0,0
BRDA:601,44,1,0
BRDA:617,45,0,0
BRDA:617,45,1,0
BRDA:624,46,0,0
BRDA:624,46,1,0
BRDA:648,47,0,0
BRDA:648,47,1,0
BRDA:649,48,0,0
BRDA:649,48,1,0
BRDA:652,49,0,0
BRDA:652,49,1,0
BRDA:656,50,0,0
BRDA:656,50,1,0
BRDA:660,51,0,0
BRDA:660,51,1,0
BRDA:661,52,0,0
BRDA:661,52,1,0
BRDA:677,53,0,0
BRDA:677,53,1,0
BRDA:677,54,0,0
BRDA:677,54,1,0
BRDA:677,54,2,0
BRDA:712,55,0,0
BRDA:712,55,1,0
BRDA:724,56,0,0
BRDA:724,56,1,0
BRDA:729,57,0,0
BRDA:729,57,1,0
BRDA:735,58,0,0
BRDA:735,58,1,0
BRDA:747,59,0,0
BRDA:747,59,1,0
BRDA:753,60,0,0
BRDA:753,60,1,0
BRDA:763,61,0,0
BRDA:763,61,1,0
BRDA:769,62,0,0
BRDA:769,62,1,0
BRDA:779,63,0,0
BRDA:779,63,1,0
BRDA:785,64,0,0
BRDA:785,64,1,0
BRDA:795,65,0,0
BRDA:795,65,1,0
BRF:141
BRH:0
end_of_record
TN:
SF:src/agents/SWE_Bench_Agent.ts
FN:57,(anonymous_7)
FN:69,(anonymous_8)
FN:123,(anonymous_10)
FN:159,(anonymous_12)
FN:169,(anonymous_14)
FN:176,(anonymous_15)
FN:203,(anonymous_17)
FN:256,(anonymous_19)
FN:336,(anonymous_21)
FN:344,(anonymous_23)
FN:352,(anonymous_25)
FN:364,(anonymous_27)
FN:381,(anonymous_29)
FN:403,(anonymous_30)
FN:445,(anonymous_32)
FN:466,(anonymous_34)
FN:490,(anonymous_36)
FN:494,(anonymous_38)
FN:523,(anonymous_39)
FN:540,(anonymous_41)
FN:559,(anonymous_43)
FN:560,(anonymous_45)
FN:564,(anonymous_46)
FN:568,(anonymous_47)
FN:572,(anonymous_48)
FN:584,(anonymous_49)
FN:593,(anonymous_51)
FN:598,(anonymous_52)
FNF:28
FNH:0
FNDA:0,(anonymous_7)
FNDA:0,(anonymous_8)
FNDA:0,(anonymous_10)
FNDA:0,(anonymous_12)
FNDA:0,(anonymous_14)
FNDA:0,(anonymous_15)
FNDA:0,(anonymous_17)
FNDA:0,(anonymous_19)
FNDA:0,(anonymous_21)
FNDA:0,(anonymous_23)
FNDA:0,(anonymous_25)
FNDA:0,(anonymous_27)
FNDA:0,(anonymous_29)
FNDA:0,(anonymous_30)
FNDA:0,(anonymous_32)
FNDA:0,(anonymous_34)
FNDA:0,(anonymous_36)
FNDA:0,(anonymous_38)
FNDA:0,(anonymous_39)
FNDA:0,(anonymous_41)
FNDA:0,(anonymous_43)
FNDA:0,(anonymous_45)
FNDA:0,(anonymous_46)
FNDA:0,(anonymous_47)
FNDA:0,(anonymous_48)
FNDA:0,(anonymous_49)
FNDA:0,(anonymous_51)
FNDA:0,(anonymous_52)
DA:55,0
DA:58,0
DA:60,0
DA:61,0
DA:62,0
DA:63,0
DA:64,0
DA:65,0
DA:66,0
DA:70,0
DA:71,0
DA:74,0
DA:77,0
DA:78,0
DA:80,0
DA:82,0
DA:83,0
DA:84,0
DA:86,0
DA:87,0
DA:89,0
DA:91,0
DA:93,0
DA:94,0
DA:95,0
DA:96,0
DA:98,0
DA:99,0
DA:102,0
DA:103,0
DA:107,0
DA:108,0
DA:111,0
DA:113,0
DA:114,0
DA:117,0
DA:118,0
DA:119,0
DA:124,0
DA:125,0
DA:128,0
DA:131,0
DA:132,0
DA:142,0
DA:143,0
DA:146,0
DA:149,0
DA:151,0
DA:154,0
DA:155,0
DA:160,0
DA:161,0
DA:163,0
DA:164,0
DA:165,0
DA:166,0
DA:168,0
DA:169,0
DA:173,0
DA:177,0
DA:178,0
DA:181,0
DA:191,0
DA:192,0
DA:195,0
DA:198,0
DA:199,0
DA:204,0
DA:207,0
DA:248,0
DA:251,0
DA:252,0
DA:263,0
DA:264,0
DA:265,0
DA:267,0
DA:268,0
DA:271,0
DA:274,0
DA:277,0
DA:280,0
DA:281,0
DA:284,0
DA:285,0
DA:286,0
DA:288,0
DA:289,0
DA:298,0
DA:299,0
DA:300,0
DA:309,0
DA:310,0
DA:312,0
DA:313,0
DA:316,0
DA:318,0
DA:326,0
DA:337,0
DA:338,0
DA:340,0
DA:341,0
DA:346,0
DA:347,0
DA:349,0
DA:354,0
DA:356,0
DA:357,0
DA:358,0
DA:361,0
DA:365,0
DA:366,0
DA:371,0
DA:373,0
DA:376,0
DA:377,0
DA:383,0
DA:384,0
DA:385,0
DA:386,0
DA:388,0
DA:389,0
DA:390,0
DA:391,0
DA:393,0
DA:394,0
DA:395,0
DA:399,0
DA:400,0
DA:410,0
DA:411,0
DA:414,0
DA:417,0
DA:418,0
DA:419,0
DA:421,0
DA:424,0
DA:425,0
DA:427,0
DA:435,0
DA:446,0
DA:448,0
DA:450,0
DA:451,0
DA:452,0
DA:455,0
DA:458,0
DA:461,0
DA:462,0
DA:468,0
DA:469,0
DA:478,0
DA:480,0
DA:481,0
DA:483,0
DA:484,0
DA:487,0
DA:494,0
DA:496,0
DA:508,0
DA:520,0
DA:524,0
DA:526,0
DA:529,0
DA:531,0
DA:532,0
DA:535,0
DA:536,0
DA:541,0
DA:542,0
DA:543,0
DA:544,0
DA:545,0
DA:547,0
DA:552,0
DA:553,0
DA:555,0
DA:560,0
DA:561,0
DA:562,0
DA:564,0
DA:565,0
DA:568,0
DA:569,0
DA:572,0
DA:573,0
DA:574,0
DA:576,0
DA:580,0
DA:585,0
DA:586,0
DA:589,0
DA:590,0
DA:595,0
DA:600,0
LF:194
LH:0
BRDA:60,0,0,0
BRDA:60,0,1,0
BRDA:61,1,0,0
BRDA:61,1,1,0
BRDA:62,2,0,0
BRDA:62,2,1,0
BRDA:63,3,0,0
BRDA:63,3,1,0
BRDA:64,4,0,0
BRDA:64,4,1,0
BRDA:65,5,0,0
BRDA:65,5,1,0
BRDA:66,6,0,0
BRDA:66,6,1,0
BRDA:84,7,0,0
BRDA:84,7,1,0
BRDA:93,8,0,0
BRDA:93,8,1,0
BRDA:102,9,0,0
BRDA:102,9,1,0
BRDA:117,10,0,0
BRDA:117,10,1,0
BRDA:154,11,0,0
BRDA:154,11,1,0
BRDA:198,12,0,0
BRDA:198,12,1,0
BRDA:251,13,0,0
BRDA:251,13,1,0
BRDA:288,14,0,0
BRDA:288,14,1,0
BRDA:293,15,0,0
BRDA:293,15,1,0
BRDA:299,16,0,0
BRDA:299,16,1,0
BRDA:316,17,0,0
BRDA:316,17,1,0
BRDA:322,18,0,0
BRDA:322,18,1,0
BRDA:330,19,0,0
BRDA:330,19,1,0
BRDA:356,20,0,0
BRDA:356,20,1,0
BRDA:376,21,0,0
BRDA:376,21,1,0
BRDA:389,22,0,0
BRDA:389,22,1,0
BRDA:391,23,0,0
BRDA:391,23,1,0
BRDA:393,24,0,0
BRDA:393,24,1,0
BRDA:395,25,0,0
BRDA:395,25,1,0
BRDA:440,26,0,0
BRDA:440,26,1,0
BRDA:461,27,0,0
BRDA:461,27,1,0
BRDA:480,28,0,0
BRDA:480,28,1,0
BRDA:480,29,0,0
BRDA:480,29,1,0
BRDA:483,30,0,0
BRDA:483,30,1,0
BRDA:487,31,0,0
BRDA:487,31,1,0
BRDA:535,32,0,0
BRDA:535,32,1,0
BRDA:541,33,0,0
BRDA:541,33,1,0
BRDA:547,34,0,0
BRDA:547,34,1,0
BRDA:555,35,0,0
BRDA:555,35,1,0
BRDA:564,36,0,0
BRDA:564,36,1,0
BRDA:564,37,0,0
BRDA:564,37,1,0
BRDA:568,38,0,0
BRDA:568,38,1,0
BRDA:568,39,0,0
BRDA:568,39,1,0
BRDA:573,40,0,0
BRDA:573,40,1,0
BRDA:585,41,0,0
BRDA:585,41,1,0
BRF:84
BRH:0
end_of_record
TN:
SF:src/api/agents.ts
FN:73,(anonymous_7)
FN:73,(anonymous_8)
FN:144,(anonymous_9)
FN:144,(anonymous_10)
FN:191,(anonymous_11)
FN:191,(anonymous_12)
FN:241,(anonymous_13)
FN:241,(anonymous_14)
FN:316,(anonymous_15)
FN:316,(anonymous_16)
FN:399,(anonymous_17)
FN:399,(anonymous_18)
FN:469,(anonymous_19)
FN:469,(anonymous_20)
FN:524,(anonymous_21)
FN:524,(anonymous_22)
FN:557,(anonymous_23)
FN:557,(anonymous_24)
FNF:18
FNH:0
FNDA:0,(anonymous_7)
FNDA:0,(anonymous_8)
FNDA:0,(anonymous_9)
FNDA:0,(anonymous_10)
FNDA:0,(anonymous_11)
FNDA:0,(anonymous_12)
FNDA:0,(anonymous_13)
FNDA:0,(anonymous_14)
FNDA:0,(anonymous_15)
FNDA:0,(anonymous_16)
FNDA:0,(anonymous_17)
FNDA:0,(anonymous_18)
FNDA:0,(anonymous_19)
FNDA:0,(anonymous_20)
FNDA:0,(anonymous_21)
FNDA:0,(anonymous_22)
FNDA:0,(anonymous_23)
FNDA:0,(anonymous_24)
DA:8,0
DA:69,0
DA:73,0
DA:74,0
DA:75,0
DA:77,0
DA:84,0
DA:95,0
DA:104,0
DA:141,0
DA:144,0
DA:145,0
DA:146,0
DA:148,0
DA:154,0
DA:164,0
DA:173,0
DA:189,0
DA:191,0
DA:192,0
DA:194,0
DA:204,0
DA:238,0
DA:241,0
DA:242,0
DA:243,0
DA:245,0
DA:246,0
DA:256,0
DA:266,0
DA:313,0
DA:316,0
DA:317,0
DA:322,0
DA:324,0
DA:334,0
DA:386,0
DA:399,0
DA:400,0
DA:401,0
DA:403,0
DA:404,0
DA:414,0
DA:424,0
DA:461,0
DA:469,0
DA:470,0
DA:471,0
DA:473,0
DA:475,0
DA:476,0
DA:486,0
DA:496,0
DA:521,0
DA:524,0
DA:525,0
DA:526,0
DA:528,0
DA:529,0
DA:539,0
DA:555,0
DA:557,0
DA:558,0
DA:560,0
DA:570,0
LF:65
LH:0
BRDA:245,0,0,0
BRDA:245,0,1,0
BRDA:403,1,0,0
BRDA:403,1,1,0
BRDA:475,2,0,0
BRDA:475,2,1,0
BRDA:528,3,0,0
BRDA:528,3,1,0
BRF:8
BRH:0
end_of_record
TN:
SF:src/api/auth.ts
FN:20,generateToken
FN:28,generateRefreshToken
FN:36,verifyToken
FN:100,(anonymous_10)
FN:100,(anonymous_11)
FN:194,(anonymous_12)
FN:194,(anonymous_13)
FN:278,(anonymous_14)
FN:278,(anonymous_15)
FN:330,(anonymous_16)
FN:330,(anonymous_17)
FN:394,(anonymous_18)
FN:394,(anonymous_19)
FN:473,(anonymous_20)
FN:473,(anonymous_21)
FN:509,authenticateToken
FN:529,(anonymous_23)
FN:544,(anonymous_24)
FN:568,requireRole
FN:569,(anonymous_26)
FNF:20
FNH:0
FNDA:0,generateToken
FNDA:0,generateRefreshToken
FNDA:0,verifyToken
FNDA:0,(anonymous_10)
FNDA:0,(anonymous_11)
FNDA:0,(anonymous_12)
FNDA:0,(anonymous_13)
FNDA:0,(anonymous_14)
FNDA:0,(anonymous_15)
FNDA:0,(anonymous_16)
FNDA:0,(anonymous_17)
FNDA:0,(anonymous_18)
FNDA:0,(anonymous_19)
FNDA:0,(anonymous_20)
FNDA:0,(anonymous_21)
FNDA:0,authenticateToken
FNDA:0,(anonymous_23)
FNDA:0,(anonymous_24)
FNDA:0,requireRole
FNDA:0,(anonymous_26)
DA:11,0
DA:13,0
DA:14,0
DA:16,0
DA:17,0
DA:21,0
DA:29,0
DA:37,0
DA:38,0
DA:40,0
DA:90,0
DA:100,0
DA:101,0
DA:104,0
DA:105,0
DA:106,0
DA:109,0
DA:110,0
DA:111,0
DA:115,0
DA:118,0
DA:127,0
DA:128,0
DA:131,0
DA:132,0
DA:134,0
DA:136,0
DA:156,0
DA:187,0
DA:194,0
DA:195,0
DA:198,0
DA:199,0
DA:200,0
DA:204,0
DA:205,0
DA:209,0
DA:210,0
DA:211,0
DA:214,0
DA:215,0
DA:216,0
DA:220,0
DA:221,0
DA:223,0
DA:225,0
DA:245,0
DA:272,0
DA:278,0
DA:279,0
DA:282,0
DA:283,0
DA:284,0
DA:288,0
DA:289,0
DA:290,0
DA:294,0
DA:295,0
DA:297,0
DA:310,0
DA:328,0
DA:330,0
DA:331,0
DA:333,0
DA:352,0
DA:386,0
DA:394,0
DA:395,0
DA:396,0
DA:398,0
DA:399,0
DA:401,0
DA:403,0
DA:404,0
DA:405,0
DA:407,0
DA:410,0
DA:412,0
DA:431,0
DA:465,0
DA:473,0
DA:474,0
DA:475,0
DA:478,0
DA:479,0
DA:480,0
DA:483,0
DA:484,0
DA:485,0
DA:489,0
DA:490,0
DA:492,0
DA:494,0
DA:504,0
DA:510,0
DA:511,0
DA:513,0
DA:514,0
DA:524,0
DA:525,0
DA:528,0
DA:530,0
DA:531,0
DA:541,0
DA:542,0
DA:545,0
DA:546,0
DA:556,0
DA:569,0
DA:570,0
DA:572,0
DA:573,0
DA:583,0
DA:584,0
DA:594,0
LF:115
LH:0
BRDA:14,0,0,0
BRDA:14,0,1,0
BRDA:16,1,0,0
BRDA:16,1,1,0
BRDA:101,2,0,0
BRDA:105,3,0,0
BRDA:105,3,1,0
BRDA:110,4,0,0
BRDA:110,4,1,0
BRDA:199,5,0,0
BRDA:199,5,1,0
BRDA:204,6,0,0
BRDA:204,6,1,0
BRDA:210,7,0,0
BRDA:210,7,1,0
BRDA:215,8,0,0
BRDA:215,8,1,0
BRDA:283,9,0,0
BRDA:283,9,1,0
BRDA:289,10,0,0
BRDA:289,10,1,0
BRDA:289,11,0,0
BRDA:289,11,1,0
BRDA:398,12,0,0
BRDA:398,12,1,0
BRDA:401,13,0,0
BRDA:401,13,1,0
BRDA:404,14,0,0
BRDA:404,14,1,0
BRDA:404,15,0,0
BRDA:404,15,1,0
BRDA:479,16,0,0
BRDA:479,16,1,0
BRDA:484,17,0,0
BRDA:484,17,1,0
BRDA:511,18,0,0
BRDA:511,18,1,0
BRDA:513,19,0,0
BRDA:513,19,1,0
BRDA:530,20,0,0
BRDA:530,20,1,0
BRDA:530,21,0,0
BRDA:530,21,1,0
BRDA:572,22,0,0
BRDA:572,22,1,0
BRDA:583,23,0,0
BRDA:583,23,1,0
BRDA:583,24,0,0
BRDA:583,24,1,0
BRF:49
BRH:0
end_of_record
TN:
SF:src/api/benchmarks.ts
FN:59,(anonymous_7)
FN:59,(anonymous_8)
FN:107,(anonymous_9)
FN:107,(anonymous_10)
FN:138,(anonymous_11)
FN:138,(anonymous_12)
FN:169,(anonymous_13)
FN:169,(anonymous_14)
FN:222,(anonymous_15)
FN:222,(anonymous_16)
FN:279,(anonymous_17)
FN:279,(anonymous_18)
FN:356,(anonymous_19)
FN:356,(anonymous_20)
FN:442,(anonymous_21)
FN:442,(anonymous_22)
FN:511,(anonymous_23)
FN:511,(anonymous_24)
FN:566,(anonymous_25)
FN:566,(anonymous_26)
FNF:20
FNH:0
FNDA:0,(anonymous_7)
FNDA:0,(anonymous_8)
FNDA:0,(anonymous_9)
FNDA:0,(anonymous_10)
FNDA:0,(anonymous_11)
FNDA:0,(anonymous_12)
FNDA:0,(anonymous_13)
FNDA:0,(anonymous_14)
FNDA:0,(anonymous_15)
FNDA:0,(anonymous_16)
FNDA:0,(anonymous_17)
FNDA:0,(anonymous_18)
FNDA:0,(anonymous_19)
FNDA:0,(anonymous_20)
FNDA:0,(anonymous_21)
FNDA:0,(anonymous_22)
FNDA:0,(anonymous_23)
FNDA:0,(anonymous_24)
FNDA:0,(anonymous_25)
FNDA:0,(anonymous_26)
DA:8,0
DA:55,0
DA:59,0
DA:60,0
DA:61,0
DA:63,0
DA:70,0
DA:80,0
DA:89,0
DA:105,0
DA:107,0
DA:108,0
DA:110,0
DA:120,0
DA:136,0
DA:138,0
DA:139,0
DA:141,0
DA:151,0
DA:167,0
DA:169,0
DA:170,0
DA:172,0
DA:182,0
DA:219,0
DA:222,0
DA:223,0
DA:224,0
DA:226,0
DA:232,0
DA:242,0
DA:251,0
DA:276,0
DA:279,0
DA:280,0
DA:281,0
DA:283,0
DA:284,0
DA:294,0
DA:304,0
DA:353,0
DA:356,0
DA:357,0
DA:362,0
DA:364,0
DA:374,0
DA:428,0
DA:442,0
DA:443,0
DA:444,0
DA:446,0
DA:447,0
DA:457,0
DA:467,0
DA:503,0
DA:511,0
DA:512,0
DA:513,0
DA:515,0
DA:517,0
DA:518,0
DA:528,0
DA:538,0
DA:563,0
DA:566,0
DA:567,0
DA:568,0
DA:570,0
DA:571,0
DA:581,0
LF:70
LH:0
BRDA:67,0,0,0
BRDA:67,0,1,0
BRDA:283,1,0,0
BRDA:283,1,1,0
BRDA:446,2,0,0
BRDA:446,2,1,0
BRDA:517,3,0,0
BRDA:517,3,1,0
BRDA:570,4,0,0
BRDA:570,4,1,0
BRF:10
BRH:0
end_of_record
TN:
SF:src/api/evaluations.ts
FN:54,(anonymous_7)
FN:54,(anonymous_8)
FN:112,(anonymous_9)
FN:112,(anonymous_10)
FN:181,(anonymous_11)
FN:181,(anonymous_12)
FN:278,(anonymous_13)
FN:278,(anonymous_14)
FN:351,(anonymous_15)
FN:351,(anonymous_16)
FN:466,(anonymous_17)
FN:466,(anonymous_18)
FN:523,(anonymous_19)
FN:523,(anonymous_20)
FNF:14
FNH:0
FNDA:0,(anonymous_7)
FNDA:0,(anonymous_8)
FNDA:0,(anonymous_9)
FNDA:0,(anonymous_10)
FNDA:0,(anonymous_11)
FNDA:0,(anonymous_12)
FNDA:0,(anonymous_13)
FNDA:0,(anonymous_14)
FNDA:0,(anonymous_15)
FNDA:0,(anonymous_16)
FNDA:0,(anonymous_17)
FNDA:0,(anonymous_18)
FNDA:0,(anonymous_19)
FNDA:0,(anonymous_20)
DA:8,0
DA:54,0
DA:55,0
DA:56,0
DA:57,0
DA:58,0
DA:59,0
DA:60,0
DA:62,0
DA:64,0
DA:78,0
DA:79,0
DA:112,0
DA:113,0
DA:114,0
DA:116,0
DA:117,0
DA:118,0
DA:127,0
DA:133,0
DA:134,0
DA:181,0
DA:182,0
DA:183,0
DA:186,0
DA:187,0
DA:188,0
DA:198,0
DA:199,0
DA:200,0
DA:209,0
DA:220,0
DA:226,0
DA:227,0
DA:278,0
DA:279,0
DA:280,0
DA:281,0
DA:283,0
DA:290,0
DA:291,0
DA:300,0
DA:306,0
DA:307,0
DA:351,0
DA:352,0
DA:353,0
DA:354,0
DA:356,0
DA:358,0
DA:359,0
DA:368,0
DA:374,0
DA:375,0
DA:466,0
DA:467,0
DA:468,0
DA:469,0
DA:471,0
DA:473,0
DA:474,0
DA:483,0
DA:489,0
DA:490,0
DA:523,0
DA:524,0
DA:525,0
DA:527,0
DA:529,0
DA:530,0
DA:539,0
DA:545,0
DA:546,0
LF:73
LH:0
BRDA:56,0,0,0
BRDA:56,0,1,0
BRDA:57,1,0,0
BRDA:57,1,1,0
BRDA:117,2,0,0
BRDA:117,2,1,0
BRDA:187,3,0,0
BRDA:187,3,1,0
BRDA:199,4,0,0
BRDA:199,4,1,0
BRDA:212,5,0,0
BRDA:212,5,1,0
BRDA:213,6,0,0
BRDA:213,6,1,0
BRDA:286,7,0,0
BRDA:286,7,1,0
BRDA:287,8,0,0
BRDA:287,8,1,0
BRDA:290,9,0,0
BRDA:290,9,1,0
BRDA:358,10,0,0
BRDA:358,10,1,0
BRDA:473,11,0,0
BRDA:473,11,1,0
BRDA:529,12,0,0
BRDA:529,12,1,0
BRF:26
BRH:0
end_of_record
TN:
SF:src/api/metrics.ts
FN:41,(anonymous_7)
FN:41,(anonymous_8)
FN:114,(anonymous_9)
FN:114,(anonymous_10)
FN:177,(anonymous_11)
FN:177,(anonymous_12)
FN:286,(anonymous_13)
FN:286,(anonymous_14)
FN:455,(anonymous_15)
FN:455,(anonymous_16)
FN:558,(anonymous_17)
FN:558,(anonymous_18)
FN:698,(anonymous_19)
FN:698,(anonymous_20)
FN:810,(anonymous_21)
FN:810,(anonymous_22)
FNF:16
FNH:0
FNDA:0,(anonymous_7)
FNDA:0,(anonymous_8)
FNDA:0,(anonymous_9)
FNDA:0,(anonymous_10)
FNDA:0,(anonymous_11)
FNDA:0,(anonymous_12)
FNDA:0,(anonymous_13)
FNDA:0,(anonymous_14)
FNDA:0,(anonymous_15)
FNDA:0,(anonymous_16)
FNDA:0,(anonymous_17)
FNDA:0,(anonymous_18)
FNDA:0,(anonymous_19)
FNDA:0,(anonymous_20)
FNDA:0,(anonymous_21)
FNDA:0,(anonymous_22)
DA:10,0
DA:38,0
DA:41,0
DA:42,0
DA:43,0
DA:45,0
DA:46,0
DA:47,0
DA:57,0
DA:70,0
DA:105,0
DA:114,0
DA:115,0
DA:116,0
DA:118,0
DA:124,0
DA:139,0
DA:169,0
DA:177,0
DA:178,0
DA:179,0
DA:181,0
DA:188,0
DA:194,0
DA:209,0
DA:264,0
DA:286,0
DA:287,0
DA:290,0
DA:291,0
DA:292,0
DA:294,0
DA:295,0
DA:296,0
DA:299,0
DA:300,0
DA:301,0
DA:304,0
DA:305,0
DA:306,0
DA:311,0
DA:348,0
DA:358,0
DA:429,0
DA:455,0
DA:456,0
DA:470,0
DA:480,0
DA:482,0
DA:484,0
DA:485,0
DA:487,0
DA:488,0
DA:490,0
DA:491,0
DA:493,0
DA:494,0
DA:497,0
DA:499,0
DA:500,0
DA:504,0
DA:514,0
DA:549,0
DA:558,0
DA:559,0
DA:562,0
DA:563,0
DA:565,0
DA:567,0
DA:568,0
DA:570,0
DA:571,0
DA:573,0
DA:574,0
DA:576,0
DA:577,0
DA:581,0
DA:643,0
DA:654,0
DA:689,0
DA:698,0
DA:699,0
DA:702,0
DA:705,0
DA:707,0
DA:708,0
DA:709,0
DA:711,0
DA:712,0
DA:713,0
DA:715,0
DA:716,0
DA:717,0
DA:719,0
DA:720,0
DA:721,0
DA:723,0
DA:724,0
DA:726,0
DA:727,0
DA:731,0
DA:782,0
DA:792,0
DA:808,0
DA:810,0
DA:811,0
DA:837,0
DA:847,0
LF:108
LH:0
BRDA:46,0,0,0
BRDA:46,0,1,0
BRDA:116,1,0,0
BRDA:179,2,0,0
BRDA:287,3,0,0
BRDA:294,4,0,0
BRDA:294,4,1,0
BRDA:294,5,0,0
BRDA:294,5,1,0
BRDA:299,6,0,0
BRDA:299,6,1,0
BRDA:299,7,0,0
BRDA:299,7,1,0
BRDA:304,8,0,0
BRDA:304,8,1,0
BRDA:304,9,0,0
BRDA:304,9,1,0
BRDA:458,10,0,0
BRDA:458,10,1,0
BRDA:458,11,0,0
BRDA:458,11,1,0
BRDA:459,12,0,0
BRDA:459,12,1,0
BRDA:459,13,0,0
BRDA:459,13,1,0
BRDA:464,14,0,0
BRDA:464,14,1,0
BRDA:465,15,0,0
BRDA:465,15,1,0
BRDA:482,16,0,0
BRDA:482,16,1,0
BRDA:482,16,2,0
BRDA:482,16,3,0
BRDA:499,17,0,0
BRDA:499,17,1,0
BRDA:559,18,0,0
BRDA:565,19,0,0
BRDA:565,19,1,0
BRDA:565,19,2,0
BRDA:565,19,3,0
BRDA:638,20,0,0
BRDA:638,20,1,0
BRDA:638,21,0,0
BRDA:638,21,1,0
BRDA:639,22,0,0
BRDA:639,22,1,0
BRDA:639,23,0,0
BRDA:639,23,1,0
BRDA:699,24,0,0
BRDA:699,25,0,0
BRDA:705,26,0,0
BRDA:705,26,1,0
BRDA:705,26,2,0
BRDA:705,26,3,0
BRDA:705,26,4,0
BRDA:705,26,5,0
BRF:56
BRH:0
end_of_record
TN:
SF:src/api/orchestrator.ts
FN:55,(anonymous_7)
FN:55,(anonymous_8)
FN:87,(anonymous_9)
FN:90,(anonymous_10)
FN:145,(anonymous_11)
FN:145,(anonymous_12)
FN:196,(anonymous_13)
FN:196,(anonymous_14)
FN:258,(anonymous_15)
FN:258,(anonymous_16)
FN:309,(anonymous_17)
FN:309,(anonymous_18)
FNF:12
FNH:0
FNDA:0,(anonymous_7)
FNDA:0,(anonymous_8)
FNDA:0,(anonymous_9)
FNDA:0,(anonymous_10)
FNDA:0,(anonymous_11)
FNDA:0,(anonymous_12)
FNDA:0,(anonymous_13)
FNDA:0,(anonymous_14)
FNDA:0,(anonymous_15)
FNDA:0,(anonymous_16)
FNDA:0,(anonymous_17)
FNDA:0,(anonymous_18)
DA:9,0
DA:46,0
DA:55,0
DA:56,0
DA:58,0
DA:59,0
DA:69,0
DA:71,0
DA:72,0
DA:83,0
DA:86,0
DA:88,0
DA:91,0
DA:94,0
DA:96,0
DA:113,0
DA:116,0
DA:117,0
DA:143,0
DA:145,0
DA:146,0
DA:148,0
DA:149,0
DA:160,0
DA:162,0
DA:176,0
DA:194,0
DA:196,0
DA:197,0
DA:198,0
DA:208,0
DA:209,0
DA:211,0
DA:213,0
DA:226,0
DA:229,0
DA:230,0
DA:256,0
DA:258,0
DA:259,0
DA:261,0
DA:262,0
DA:275,0
DA:289,0
DA:307,0
DA:309,0
DA:310,0
DA:311,0
DA:312,0
DA:322,0
DA:324,0
DA:337,0
DA:340,0
DA:341,0
LF:54
LH:0
BRDA:56,0,0,0
BRDA:58,1,0,0
BRDA:58,1,1,0
BRDA:71,2,0,0
BRDA:71,2,1,0
BRDA:99,3,0,0
BRDA:99,3,1,0
BRDA:99,4,0,0
BRDA:99,4,1,0
BRDA:148,5,0,0
BRDA:148,5,1,0
BRDA:197,6,0,0
BRDA:197,6,1,0
BRDA:261,7,0,0
BRDA:261,7,1,0
BRDA:311,8,0,0
BRDA:311,8,1,0
BRF:17
BRH:0
end_of_record
TN:
SF:src/components/DashboardLayout.tsx
FN:29,(anonymous_0)
FN:37,(anonymous_1)
FN:46,(anonymous_2)
FN:52,(anonymous_3)
FN:78,(anonymous_4)
FN:147,(anonymous_5)
FN:151,(anonymous_6)
FN:152,(anonymous_7)
FN:164,(anonymous_8)
FNF:9
FNH:0
FNDA:0,(anonymous_0)
FNDA:0,(anonymous_1)
FNDA:0,(anonymous_2)
FNDA:0,(anonymous_3)
FNDA:0,(anonymous_4)
FNDA:0,(anonymous_5)
FNDA:0,(anonymous_6)
FNDA:0,(anonymous_7)
FNDA:0,(anonymous_8)
DA:20,0
DA:29,0
DA:30,0
DA:31,0
DA:32,0
DA:35,0
DA:37,0
DA:39,0
DA:46,0
DA:52,0
DA:78,0
DA:147,0
DA:148,0
DA:149,0
DA:151,0
DA:152,0
DA:153,0
DA:155,0
DA:165,0
DA:166,0
LF:20
LH:0
BRDA:44,0,0,0
BRDA:44,0,1,0
BRDA:96,1,0,0
BRDA:96,1,1,0
BRDA:100,2,0,0
BRDA:100,2,1,0
BRDA:106,3,0,0
BRDA:106,3,1,0
BRDA:172,4,0,0
BRDA:172,4,1,0
BRDA:180,5,0,0
BRDA:180,5,1,0
BRF:12
BRH:0
end_of_record
TN:
SF:src/components/MetricCard.tsx
FN:15,(anonymous_0)
FN:40,(anonymous_1)
FN:53,(anonymous_2)
FNF:3
FNH:0
FNDA:0,(anonymous_0)
FNDA:0,(anonymous_1)
FNDA:0,(anonymous_2)
DA:15,0
DA:24,0
DA:32,0
DA:40,0
DA:41,0
DA:43,0
DA:45,0
DA:47,0
DA:49,0
DA:53,0
DA:54,0
DA:56,0
DA:58,0
DA:60,0
DA:62,0
DA:66,0
LF:16
LH:0
BRDA:41,0,0,0
BRDA:41,0,1,0
BRDA:41,0,2,0
BRDA:41,0,3,0
BRDA:54,1,0,0
BRDA:54,1,1,0
BRDA:54,1,2,0
BRDA:54,1,3,0
BRF:8
BRH:0
end_of_record
TN:
SF:src/components/RealTimeEvaluations.tsx
FN:6,(anonymous_0)
FN:8,(anonymous_1)
FN:10,(anonymous_2)
FN:54,(anonymous_3)
FN:129,(anonymous_4)
FN:132,(anonymous_5)
FNF:6
FNH:0
FNDA:0,(anonymous_0)
FNDA:0,(anonymous_1)
FNDA:0,(anonymous_2)
FNDA:0,(anonymous_3)
FNDA:0,(anonymous_4)
FNDA:0,(anonymous_5)
DA:6,0
DA:7,0
DA:8,0
DA:10,0
DA:11,0
DA:13,0
DA:15,0
DA:17,0
DA:19,0
DA:21,0
DA:25,0
DA:26,0
DA:41,0
DA:55,0
DA:129,0
DA:133,0
LF:16
LH:0
BRDA:11,0,0,0
BRDA:11,0,1,0
BRDA:11,0,2,0
BRDA:11,0,3,0
BRDA:11,0,4,0
BRDA:25,1,0,0
BRDA:25,1,1,0
BRDA:48,2,0,0
BRDA:48,2,1,0
BRDA:141,3,0,0
BRDA:141,3,1,0
BRF:11
BRH:0
end_of_record
TN:
SF:src/components/RecentActivityChart.tsx
FN:27,(anonymous_0)
FN:31,(anonymous_1)
FN:105,(anonymous_2)
FN:131,(anonymous_3)
FNF:4
FNH:0
FNDA:0,(anonymous_0)
FNDA:0,(anonymous_1)
FNDA:0,(anonymous_2)
FNDA:0,(anonymous_3)
DA:16,0
DA:27,0
DA:28,0
DA:31,0
DA:32,0
DA:33,0
DA:34,0
DA:35,0
DA:37,0
DA:38,0
DA:39,0
DA:40,0
DA:43,0
DA:44,0
DA:45,0
DA:48,0
DA:51,0
DA:53,0
DA:83,0
DA:106,0
DA:132,0
DA:151,0
LF:22
LH:0
BRDA:132,0,0,0
BRDA:132,0,1,0
BRF:2
BRH:0
end_of_record
TN:
SF:src/components/TopAgentsChart.tsx
FN:24,(anonymous_0)
FN:31,(anonymous_1)
FN:44,(anonymous_2)
FN:48,(anonymous_3)
FN:58,(anonymous_4)
FN:88,(anonymous_5)
FN:117,(anonymous_6)
FNF:7
FNH:0
FNDA:0,(anonymous_0)
FNDA:0,(anonymous_1)
FNDA:0,(anonymous_2)
FNDA:0,(anonymous_3)
FNDA:0,(anonymous_4)
FNDA:0,(anonymous_5)
FNDA:0,(anonymous_6)
DA:15,0
DA:24,0
DA:25,0
DA:28,0
DA:31,0
DA:32,0
DA:41,0
DA:43,0
DA:44,0
DA:49,0
DA:59,0
DA:69,0
DA:89,0
DA:118,0
DA:134,0
LF:15
LH:0
BRDA:41,0,0,0
BRDA:41,0,1,0
BRDA:44,1,0,0
BRDA:44,1,1,0
BRDA:49,2,0,0
BRDA:49,2,1,0
BRDA:49,3,0,0
BRDA:49,3,1,0
BRDA:59,4,0,0
BRDA:59,4,1,0
BRDA:59,4,2,0
BRDA:59,5,0,0
BRDA:59,5,1,0
BRDA:59,6,0,0
BRDA:59,6,1,0
BRF:15
BRH:0
end_of_record
TN:
SF:src/database/connection.ts
FN:9,(anonymous_7)
FN:23,(anonymous_8)
FN:28,(anonymous_9)
FN:32,(anonymous_10)
FN:37,(anonymous_11)
FN:47,(anonymous_12)
FN:71,(anonymous_14)
FN:75,(anonymous_16)
FN:90,(anonymous_18)
FN:101,(anonymous_20)
FN:106,(anonymous_22)
FNF:11
FNH:2
FNDA:1,(anonymous_7)
FNDA:0,(anonymous_8)
FNDA:0,(anonymous_9)
FNDA:0,(anonymous_10)
FNDA:1,(anonymous_11)
FNDA:0,(anonymous_12)
FNDA:0,(anonymous_14)
FNDA:0,(anonymous_16)
FNDA:0,(anonymous_18)
FNDA:0,(anonymous_20)
FNDA:0,(anonymous_22)
DA:10,1
DA:23,1
DA:24,0
DA:28,1
DA:29,0
DA:32,1
DA:33,0
DA:38,1
DA:39,1
DA:40,0
DA:42,1
DA:44,1
DA:48,0
DA:49,0
DA:50,0
DA:51,0
DA:53,0
DA:59,0
DA:61,0
DA:62,0
DA:67,0
DA:72,0
DA:76,0
DA:77,0
DA:78,0
DA:79,0
DA:80,0
DA:81,0
DA:83,0
DA:84,0
DA:86,0
DA:91,0
DA:92,0
DA:93,0
DA:94,0
DA:96,0
DA:97,0
DA:102,0
DA:103,0
DA:107,0
DA:115,1
LF:41
LH:9
BRDA:17,0,0,1
BRDA:17,0,1,0
BRDA:18,1,0,1
BRDA:18,1,1,0
BRDA:38,2,0,1
BRDA:38,2,1,0
BRDA:39,3,0,0
BRDA:39,3,1,1
BRDA:65,4,0,0
BRDA:65,4,1,0
BRDA:116,5,0,1
BRDA:116,5,1,1
BRDA:117,6,0,1
BRDA:117,6,1,1
BRDA:118,7,0,1
BRDA:118,7,1,1
BRDA:119,8,0,1
BRDA:119,8,1,1
BRDA:120,9,0,1
BRDA:120,9,1,1
BRDA:122,10,0,1
BRDA:122,10,1,1
BRDA:123,11,0,1
BRDA:123,11,1,1
BRF:24
BRH:18
end_of_record
TN:
SF:src/database/migrate.ts
FN:6,main
FNF:1
FNH:0
FNDA:0,main
DA:7,0
DA:9,0
DA:10,0
DA:13,0
DA:14,0
DA:17,0
DA:18,0
DA:19,0
DA:21,0
DA:22,0
DA:24,0
DA:25,0
DA:26,0
DA:27,0
DA:28,0
DA:31,0
DA:32,0
DA:36,0
DA:37,0
LF:19
LH:0
BRDA:10,0,0,0
BRDA:10,0,1,0
BRDA:10,0,2,0
BRDA:10,0,3,0
BRDA:10,0,4,0
BRDA:10,0,5,0
BRDA:36,1,0,0
BRDA:36,1,1,0
BRF:8
BRH:0
end_of_record
TN:
SF:src/database/migrations.ts
FN:172,(anonymous_7)
FN:182,(anonymous_9)
FN:184,(anonymous_11)
FN:187,(anonymous_12)
FN:188,(anonymous_14)
FN:188,(anonymous_15)
FN:197,(anonymous_16)
FN:198,(anonymous_18)
FN:198,(anonymous_19)
FN:204,(anonymous_20)
FN:207,(anonymous_22)
FN:220,(anonymous_23)
FN:230,(anonymous_25)
FN:240,(anonymous_26)
FN:251,(anonymous_27)
FN:254,(anonymous_29)
FN:258,(anonymous_30)
FN:259,(anonymous_31)
FN:265,(anonymous_32)
FNF:19
FNH:0
FNDA:0,(anonymous_7)
FNDA:0,(anonymous_9)
FNDA:0,(anonymous_11)
FNDA:0,(anonymous_12)
FNDA:0,(anonymous_14)
FNDA:0,(anonymous_15)
FNDA:0,(anonymous_16)
FNDA:0,(anonymous_18)
FNDA:0,(anonymous_19)
FNDA:0,(anonymous_20)
FNDA:0,(anonymous_22)
FNDA:0,(anonymous_23)
FNDA:0,(anonymous_25)
FNDA:0,(anonymous_26)
FNDA:0,(anonymous_27)
FNDA:0,(anonymous_29)
FNDA:0,(anonymous_30)
FNDA:0,(anonymous_31)
FNDA:0,(anonymous_32)
DA:3,0
DA:173,0
DA:183,0
DA:184,0
DA:188,0
DA:189,0
DA:190,0
DA:198,0
DA:199,0
DA:200,0
DA:205,0
DA:206,0
DA:207,0
DA:209,0
DA:210,0
DA:211,0
DA:212,0
DA:215,0
DA:216,0
DA:221,0
DA:222,0
DA:225,0
DA:226,0
DA:227,0
DA:228,0
DA:230,0
DA:231,0
DA:235,0
DA:236,0
DA:237,0
DA:238,0
DA:240,0
DA:244,0
DA:245,0
DA:246,0
DA:247,0
DA:252,0
DA:253,0
DA:254,0
DA:256,0
DA:257,0
DA:258,0
DA:259,0
DA:260,0
DA:263,0
DA:264,0
DA:265,0
DA:266,0
DA:269,0
DA:271,0
LF:50
LH:0
BRDA:215,0,0,0
BRDA:215,0,1,0
BRDA:225,1,0,0
BRDA:225,1,1,0
BRDA:227,2,0,0
BRDA:227,2,1,0
BRDA:231,3,0,0
BRDA:231,3,1,0
BRDA:236,4,0,0
BRDA:236,4,1,0
BRDA:260,5,0,0
BRDA:260,5,1,0
BRDA:260,6,0,0
BRDA:260,6,1,0
BRDA:263,7,0,0
BRDA:263,7,1,0
BRF:16
BRH:0
end_of_record
TN:
SF:src/database/seed-test.ts
FN:7,seedTestDatabase
FN:38,resetTestDatabase
FN:58,cleanTestDatabase
FNF:3
FNH:0
FNDA:0,seedTestDatabase
FNDA:0,resetTestDatabase
FNDA:0,cleanTestDatabase
DA:8,0
DA:9,0
DA:12,0
DA:15,0
DA:16,0
DA:17,0
DA:21,0
DA:24,0
DA:26,0
DA:28,0
DA:29,0
DA:31,0
DA:39,0
DA:40,0
DA:42,0
DA:43,0
DA:44,0
DA:46,0
DA:48,0
DA:49,0
DA:51,0
DA:59,0
DA:60,0
DA:62,0
DA:63,0
DA:65,0
DA:67,0
DA:68,0
DA:70,0
DA:75,0
DA:77,0
DA:79,0
DA:80,0
DA:82,0
DA:83,0
DA:85,0
DA:86,0
DA:88,0
DA:89,0
DA:90,0
DA:91,0
DA:92,0
LF:42
LH:0
BRDA:16,0,0,0
BRDA:16,0,1,0
BRDA:77,1,0,0
BRDA:77,1,1,0
BRDA:77,1,2,0
BRDA:77,1,3,0
BRF:6
BRH:0
end_of_record
TN:
SF:src/database/test-setup.ts
FN:11,(anonymous_7)
FN:27,(anonymous_8)
FN:42,(anonymous_10)
FN:164,(anonymous_12)
FN:255,(anonymous_14)
FN:277,(anonymous_16)
FN:303,(anonymous_18)
FN:314,(anonymous_20)
FN:324,(anonymous_22)
FNF:9
FNH:0
FNDA:0,(anonymous_7)
FNDA:0,(anonymous_8)
FNDA:0,(anonymous_10)
FNDA:0,(anonymous_12)
FNDA:0,(anonymous_14)
FNDA:0,(anonymous_16)
FNDA:0,(anonymous_18)
FNDA:0,(anonymous_20)
FNDA:0,(anonymous_22)
DA:9,0
DA:12,0
DA:28,0
DA:29,0
DA:30,0
DA:31,0
DA:32,0
DA:34,0
DA:35,0
DA:43,0
DA:44,0
DA:45,0
DA:48,0
DA:49,0
DA:52,0
DA:66,0
DA:82,0
DA:100,0
DA:118,0
DA:136,0
DA:137,0
DA:138,0
DA:139,0
DA:140,0
DA:141,0
DA:142,0
DA:143,0
DA:144,0
DA:147,0
DA:148,0
DA:150,0
DA:151,0
DA:153,0
DA:154,0
DA:155,0
DA:157,0
DA:165,0
DA:166,0
DA:167,0
DA:170,0
DA:179,0
DA:197,0
DA:211,0
DA:227,0
DA:241,0
DA:242,0
DA:244,0
DA:245,0
DA:246,0
DA:248,0
DA:256,0
DA:257,0
DA:259,0
DA:260,0
DA:261,0
DA:262,0
DA:263,0
DA:265,0
DA:267,0
DA:268,0
DA:270,0
DA:278,0
DA:279,0
DA:280,0
DA:283,0
DA:284,0
DA:285,0
DA:286,0
DA:287,0
DA:289,0
DA:290,0
DA:292,0
DA:293,0
DA:294,0
DA:296,0
DA:304,0
DA:305,0
DA:306,0
DA:307,0
DA:315,0
DA:316,0
DA:318,0
DA:325,0
DA:326,0
DA:327,0
DA:328,0
DA:329,0
DA:331,0
DA:332,0
DA:338,0
LF:90
LH:0
BRDA:13,0,0,0
BRDA:13,0,1,0
BRDA:14,1,0,0
BRDA:14,1,1,0
BRDA:15,2,0,0
BRDA:15,2,1,0
BRDA:16,3,0,0
BRDA:16,3,1,0
BRDA:17,4,0,0
BRDA:17,4,1,0
BRDA:19,5,0,0
BRDA:19,5,1,0
BRDA:20,6,0,0
BRDA:20,6,1,0
BRDA:304,7,0,0
BRDA:304,7,1,0
BRDA:315,8,0,0
BRDA:315,8,1,0
BRF:18
BRH:0
end_of_record
TN:
SF:src/database/models/Agent.ts
FN:5,(anonymous_7)
FN:38,(anonymous_9)
FN:60,(anonymous_11)
FN:64,(anonymous_13)
FN:77,(anonymous_14)
FN:81,(anonymous_16)
FN:94,(anonymous_17)
FN:102,(anonymous_19)
FN:115,(anonymous_20)
FN:115,(anonymous_21)
FN:145,(anonymous_22)
FN:160,(anonymous_23)
FN:224,(anonymous_25)
FN:235,(anonymous_27)
FN:246,(anonymous_29)
FN:252,(anonymous_31)
FN:256,(anonymous_33)
FN:269,(anonymous_34)
FN:269,(anonymous_35)
FN:290,(anonymous_36)
FNF:20
FNH:0
FNDA:0,(anonymous_7)
FNDA:0,(anonymous_9)
FNDA:0,(anonymous_11)
FNDA:0,(anonymous_13)
FNDA:0,(anonymous_14)
FNDA:0,(anonymous_16)
FNDA:0,(anonymous_17)
FNDA:0,(anonymous_19)
FNDA:0,(anonymous_20)
FNDA:0,(anonymous_21)
FNDA:0,(anonymous_22)
FNDA:0,(anonymous_23)
FNDA:0,(anonymous_25)
FNDA:0,(anonymous_27)
FNDA:0,(anonymous_29)
FNDA:0,(anonymous_31)
FNDA:0,(anonymous_33)
FNDA:0,(anonymous_34)
FNDA:0,(anonymous_35)
FNDA:0,(anonymous_36)
DA:6,0
DA:12,0
DA:24,0
DA:25,0
DA:39,0
DA:40,0
DA:42,0
DA:43,0
DA:46,0
DA:47,0
DA:61,0
DA:62,0
DA:64,0
DA:78,0
DA:79,0
DA:81,0
DA:95,0
DA:100,0
DA:102,0
DA:115,0
DA:116,0
DA:117,0
DA:118,0
DA:119,0
DA:121,0
DA:122,0
DA:123,0
DA:125,0
DA:126,0
DA:127,0
DA:130,0
DA:131,0
DA:132,0
DA:134,0
DA:142,0
DA:143,0
DA:145,0
DA:157,0
DA:161,0
DA:162,0
DA:163,0
DA:165,0
DA:166,0
DA:167,0
DA:169,0
DA:170,0
DA:171,0
DA:173,0
DA:174,0
DA:175,0
DA:177,0
DA:178,0
DA:179,0
DA:181,0
DA:182,0
DA:183,0
DA:185,0
DA:186,0
DA:187,0
DA:190,0
DA:191,0
DA:194,0
DA:195,0
DA:197,0
DA:204,0
DA:206,0
DA:207,0
DA:210,0
DA:211,0
DA:225,0
DA:231,0
DA:232,0
DA:236,0
DA:242,0
DA:243,0
DA:247,0
DA:248,0
DA:249,0
DA:253,0
DA:254,0
DA:256,0
DA:269,0
DA:270,0
DA:271,0
DA:273,0
DA:277,0
DA:278,0
DA:280,0
DA:288,0
DA:290,0
DA:302,0
LF:91
LH:0
BRDA:42,0,0,0
BRDA:42,0,1,0
BRDA:115,1,0,0
BRDA:115,2,0,0
BRDA:121,3,0,0
BRDA:121,3,1,0
BRDA:125,4,0,0
BRDA:125,4,1,0
BRDA:165,5,0,0
BRDA:165,5,1,0
BRDA:169,6,0,0
BRDA:169,6,1,0
BRDA:173,7,0,0
BRDA:173,7,1,0
BRDA:177,8,0,0
BRDA:177,8,1,0
BRDA:181,9,0,0
BRDA:181,9,1,0
BRDA:185,10,0,0
BRDA:185,10,1,0
BRDA:190,11,0,0
BRDA:190,11,1,0
BRDA:206,12,0,0
BRDA:206,12,1,0
BRDA:269,13,0,0
BRDA:269,14,0,0
BRF:26
BRH:0
end_of_record
TN:
SF:src/database/models/Benchmark.ts
FN:5,(anonymous_7)
FN:40,(anonymous_9)
FN:63,(anonymous_11)
FN:67,(anonymous_13)
FN:81,(anonymous_14)
FN:85,(anonymous_16)
FN:99,(anonymous_17)
FN:103,(anonymous_19)
FN:117,(anonymous_20)
FN:117,(anonymous_21)
FN:147,(anonymous_22)
FN:163,(anonymous_23)
FN:232,(anonymous_25)
FN:243,(anonymous_27)
FN:254,(anonymous_29)
FN:260,(anonymous_31)
FN:260,(anonymous_32)
FN:281,(anonymous_33)
FN:297,(anonymous_34)
FN:300,(anonymous_36)
FN:303,(anonymous_37)
FN:306,(anonymous_39)
FNF:22
FNH:0
FNDA:0,(anonymous_7)
FNDA:0,(anonymous_9)
FNDA:0,(anonymous_11)
FNDA:0,(anonymous_13)
FNDA:0,(anonymous_14)
FNDA:0,(anonymous_16)
FNDA:0,(anonymous_17)
FNDA:0,(anonymous_19)
FNDA:0,(anonymous_20)
FNDA:0,(anonymous_21)
FNDA:0,(anonymous_22)
FNDA:0,(anonymous_23)
FNDA:0,(anonymous_25)
FNDA:0,(anonymous_27)
FNDA:0,(anonymous_29)
FNDA:0,(anonymous_31)
FNDA:0,(anonymous_32)
FNDA:0,(anonymous_33)
FNDA:0,(anonymous_34)
FNDA:0,(anonymous_36)
FNDA:0,(anonymous_37)
FNDA:0,(anonymous_39)
DA:6,0
DA:12,0
DA:25,0
DA:26,0
DA:41,0
DA:42,0
DA:44,0
DA:45,0
DA:48,0
DA:49,0
DA:64,0
DA:65,0
DA:67,0
DA:82,0
DA:83,0
DA:85,0
DA:100,0
DA:101,0
DA:103,0
DA:117,0
DA:118,0
DA:119,0
DA:120,0
DA:121,0
DA:123,0
DA:124,0
DA:125,0
DA:127,0
DA:128,0
DA:129,0
DA:132,0
DA:133,0
DA:134,0
DA:136,0
DA:144,0
DA:145,0
DA:147,0
DA:160,0
DA:164,0
DA:165,0
DA:166,0
DA:168,0
DA:169,0
DA:170,0
DA:172,0
DA:173,0
DA:174,0
DA:176,0
DA:177,0
DA:178,0
DA:180,0
DA:181,0
DA:182,0
DA:184,0
DA:185,0
DA:186,0
DA:188,0
DA:189,0
DA:190,0
DA:192,0
DA:193,0
DA:194,0
DA:197,0
DA:198,0
DA:201,0
DA:202,0
DA:204,0
DA:211,0
DA:213,0
DA:214,0
DA:217,0
DA:218,0
DA:233,0
DA:239,0
DA:240,0
DA:244,0
DA:250,0
DA:251,0
DA:255,0
DA:256,0
DA:257,0
DA:260,0
DA:261,0
DA:262,0
DA:264,0
DA:268,0
DA:269,0
DA:271,0
DA:279,0
DA:281,0
DA:294,0
DA:298,0
DA:299,0
DA:300,0
DA:304,0
DA:305,0
DA:306,0
LF:97
LH:0
BRDA:44,0,0,0
BRDA:44,0,1,0
BRDA:117,1,0,0
BRDA:117,2,0,0
BRDA:123,3,0,0
BRDA:123,3,1,0
BRDA:127,4,0,0
BRDA:127,4,1,0
BRDA:168,5,0,0
BRDA:168,5,1,0
BRDA:172,6,0,0
BRDA:172,6,1,0
BRDA:176,7,0,0
BRDA:176,7,1,0
BRDA:180,8,0,0
BRDA:180,8,1,0
BRDA:184,9,0,0
BRDA:184,9,1,0
BRDA:188,10,0,0
BRDA:188,10,1,0
BRDA:192,11,0,0
BRDA:192,11,1,0
BRDA:197,12,0,0
BRDA:197,12,1,0
BRDA:213,13,0,0
BRDA:213,13,1,0
BRDA:260,14,0,0
BRDA:260,15,0,0
BRF:28
BRH:0
end_of_record
TN:
SF:src/database/models/Evaluation.ts
FN:5,(anonymous_7)
FN:42,(anonymous_9)
FN:66,(anonymous_11)
FN:66,(anonymous_12)
FN:83,(anonymous_13)
FN:100,(anonymous_14)
FN:100,(anonymous_15)
FN:117,(anonymous_16)
FN:134,(anonymous_17)
FN:134,(anonymous_18)
FN:151,(anonymous_19)
FN:168,(anonymous_20)
FN:168,(anonymous_21)
FN:202,(anonymous_22)
FN:219,(anonymous_23)
FN:230,(anonymous_25)
FN:256,(anonymous_27)
FN:267,(anonymous_29)
FN:278,(anonymous_31)
FN:289,(anonymous_33)
FN:293,(anonymous_35)
FN:308,(anonymous_36)
FN:308,(anonymous_37)
FN:338,(anonymous_38)
FNF:24
FNH:0
FNDA:0,(anonymous_7)
FNDA:0,(anonymous_9)
FNDA:0,(anonymous_11)
FNDA:0,(anonymous_12)
FNDA:0,(anonymous_13)
FNDA:0,(anonymous_14)
FNDA:0,(anonymous_15)
FNDA:0,(anonymous_16)
FNDA:0,(anonymous_17)
FNDA:0,(anonymous_18)
FNDA:0,(anonymous_19)
FNDA:0,(anonymous_20)
FNDA:0,(anonymous_21)
FNDA:0,(anonymous_22)
FNDA:0,(anonymous_23)
FNDA:0,(anonymous_25)
FNDA:0,(anonymous_27)
FNDA:0,(anonymous_29)
FNDA:0,(anonymous_31)
FNDA:0,(anonymous_33)
FNDA:0,(anonymous_35)
FNDA:0,(anonymous_36)
FNDA:0,(anonymous_37)
FNDA:0,(anonymous_38)
DA:6,0
DA:12,0
DA:26,0
DA:27,0
DA:43,0
DA:44,0
DA:46,0
DA:47,0
DA:50,0
DA:51,0
DA:66,0
DA:67,0
DA:69,0
DA:70,0
DA:71,0
DA:73,0
DA:81,0
DA:83,0
DA:97,0
DA:100,0
DA:101,0
DA:103,0
DA:104,0
DA:105,0
DA:107,0
DA:115,0
DA:117,0
DA:131,0
DA:134,0
DA:135,0
DA:137,0
DA:138,0
DA:139,0
DA:141,0
DA:149,0
DA:151,0
DA:165,0
DA:168,0
DA:169,0
DA:170,0
DA:171,0
DA:172,0
DA:174,0
DA:175,0
DA:176,0
DA:178,0
DA:179,0
DA:180,0
DA:182,0
DA:183,0
DA:184,0
DA:187,0
DA:188,0
DA:189,0
DA:191,0
DA:199,0
DA:200,0
DA:202,0
DA:216,0
DA:220,0
DA:226,0
DA:227,0
DA:231,0
DA:232,0
DA:233,0
DA:235,0
DA:236,0
DA:237,0
DA:239,0
DA:240,0
DA:241,0
DA:244,0
DA:246,0
DA:252,0
DA:253,0
DA:257,0
DA:263,0
DA:264,0
DA:268,0
DA:274,0
DA:275,0
DA:279,0
DA:285,0
DA:286,0
DA:290,0
DA:291,0
DA:293,0
DA:308,0
DA:309,0
DA:310,0
DA:311,0
DA:313,0
DA:314,0
DA:315,0
DA:317,0
DA:318,0
DA:319,0
DA:322,0
DA:334,0
DA:335,0
DA:339,0
DA:340,0
DA:341,0
LF:103
LH:0
BRDA:20,0,0,0
BRDA:20,0,1,0
BRDA:46,1,0,0
BRDA:46,1,1,0
BRDA:66,2,0,0
BRDA:66,3,0,0
BRDA:100,4,0,0
BRDA:100,5,0,0
BRDA:134,6,0,0
BRDA:134,7,0,0
BRDA:168,8,0,0
BRDA:168,9,0,0
BRDA:174,10,0,0
BRDA:174,10,1,0
BRDA:178,11,0,0
BRDA:178,11,1,0
BRDA:182,12,0,0
BRDA:182,12,1,0
BRDA:235,13,0,0
BRDA:235,13,1,0
BRDA:239,14,0,0
BRDA:239,14,1,0
BRDA:308,15,0,0
BRDA:313,16,0,0
BRDA:313,16,1,0
BRDA:317,17,0,0
BRDA:317,17,1,0
BRF:27
BRH:0
end_of_record
TN:
SF:src/database/models/User.ts
FN:5,(anonymous_7)
FN:38,(anonymous_9)
FN:59,(anonymous_11)
FN:80,(anonymous_13)
FN:101,(anonymous_15)
FN:108,(anonymous_17)
FN:167,(anonymous_19)
FN:178,(anonymous_21)
FN:184,(anonymous_23)
FN:184,(anonymous_24)
FN:210,(anonymous_25)
FNF:11
FNH:0
FNDA:0,(anonymous_7)
FNDA:0,(anonymous_9)
FNDA:0,(anonymous_11)
FNDA:0,(anonymous_13)
FNDA:0,(anonymous_15)
FNDA:0,(anonymous_17)
FNDA:0,(anonymous_19)
FNDA:0,(anonymous_21)
FNDA:0,(anonymous_23)
FNDA:0,(anonymous_24)
FNDA:0,(anonymous_25)
DA:6,0
DA:12,0
DA:25,0
DA:26,0
DA:39,0
DA:40,0
DA:42,0
DA:43,0
DA:46,0
DA:47,0
DA:60,0
DA:61,0
DA:63,0
DA:64,0
DA:67,0
DA:68,0
DA:81,0
DA:82,0
DA:84,0
DA:85,0
DA:88,0
DA:89,0
DA:102,0
DA:103,0
DA:105,0
DA:109,0
DA:110,0
DA:111,0
DA:113,0
DA:114,0
DA:115,0
DA:117,0
DA:118,0
DA:119,0
DA:121,0
DA:122,0
DA:123,0
DA:125,0
DA:126,0
DA:127,0
DA:129,0
DA:130,0
DA:131,0
DA:134,0
DA:135,0
DA:138,0
DA:139,0
DA:141,0
DA:148,0
DA:150,0
DA:151,0
DA:154,0
DA:155,0
DA:168,0
DA:174,0
DA:175,0
DA:179,0
DA:180,0
DA:181,0
DA:184,0
DA:185,0
DA:186,0
DA:187,0
DA:188,0
DA:190,0
DA:191,0
DA:192,0
DA:195,0
DA:196,0
DA:197,0
DA:199,0
DA:207,0
DA:208,0
DA:210,0
DA:221,0
LF:75
LH:0
BRDA:42,0,0,0
BRDA:42,0,1,0
BRDA:63,1,0,0
BRDA:63,1,1,0
BRDA:84,2,0,0
BRDA:84,2,1,0
BRDA:105,3,0,0
BRDA:105,3,1,0
BRDA:113,4,0,0
BRDA:113,4,1,0
BRDA:117,5,0,0
BRDA:117,5,1,0
BRDA:121,6,0,0
BRDA:121,6,1,0
BRDA:125,7,0,0
BRDA:125,7,1,0
BRDA:129,8,0,0
BRDA:129,8,1,0
BRDA:134,9,0,0
BRDA:134,9,1,0
BRDA:150,10,0,0
BRDA:150,10,1,0
BRDA:184,11,0,0
BRDA:184,12,0,0
BRDA:190,13,0,0
BRDA:190,13,1,0
BRF:26
BRH:0
end_of_record
TN:
SF:src/hooks/useLocalStorage.ts
FN:3,useLocalStorage
FN:5,(anonymous_1)
FN:17,(anonymous_2)
FN:32,(anonymous_3)
FN:33,(anonymous_4)
FN:42,(anonymous_5)
FNF:6
FNH:0
FNDA:0,useLocalStorage
FNDA:0,(anonymous_1)
FNDA:0,(anonymous_2)
FNDA:0,(anonymous_3)
FNDA:0,(anonymous_4)
FNDA:0,(anonymous_5)
DA:5,0
DA:6,0
DA:7,0
DA:8,0
DA:10,0
DA:11,0
DA:15,0
DA:17,0
DA:18,0
DA:20,0
DA:23,0
DA:26,0
DA:28,0
DA:32,0
DA:33,0
DA:34,0
DA:35,0
DA:40,0
DA:42,0
DA:43,0
DA:47,0
LF:21
LH:0
BRDA:8,0,0,0
BRDA:8,0,1,0
BRDA:20,1,0,0
BRDA:20,1,1,0
BRDA:34,2,0,0
BRDA:34,2,1,0
BRDA:34,3,0,0
BRDA:34,3,1,0
BRF:8
BRH:0
end_of_record
TN:
SF:src/hooks/useRealTimeUpdates.ts
FN:5,(anonymous_7)
FN:19,(anonymous_8)
FN:33,(anonymous_9)
FN:33,(anonymous_10)
FN:54,(anonymous_11)
FN:59,(anonymous_12)
FN:63,(anonymous_13)
FN:72,(anonymous_14)
FN:77,(anonymous_15)
FN:88,(anonymous_16)
FN:91,(anonymous_17)
FN:91,(anonymous_18)
FN:106,(anonymous_19)
FN:141,(anonymous_20)
FNF:14
FNH:0
FNDA:0,(anonymous_7)
FNDA:0,(anonymous_8)
FNDA:0,(anonymous_9)
FNDA:0,(anonymous_10)
FNDA:0,(anonymous_11)
FNDA:0,(anonymous_12)
FNDA:0,(anonymous_13)
FNDA:0,(anonymous_14)
FNDA:0,(anonymous_15)
FNDA:0,(anonymous_16)
FNDA:0,(anonymous_17)
FNDA:0,(anonymous_18)
FNDA:0,(anonymous_19)
FNDA:0,(anonymous_20)
DA:5,0
DA:14,0
DA:16,0
DA:17,0
DA:19,0
DA:20,0
DA:21,0
DA:22,0
DA:23,0
DA:25,0
DA:26,0
DA:27,0
DA:29,0
DA:33,0
DA:34,0
DA:35,0
DA:42,0
DA:43,0
DA:44,0
DA:45,0
DA:47,0
DA:51,0
DA:54,0
DA:55,0
DA:56,0
DA:57,0
DA:59,0
DA:60,0
DA:63,0
DA:64,0
DA:65,0
DA:66,0
DA:68,0
DA:72,0
DA:73,0
DA:74,0
DA:77,0
DA:78,0
DA:81,0
DA:83,0
DA:88,0
DA:89,0
DA:91,0
DA:92,0
DA:93,0
DA:98,0
DA:99,0
DA:101,0
DA:106,0
DA:107,0
DA:109,0
DA:110,0
DA:112,0
DA:113,0
DA:115,0
DA:116,0
DA:118,0
DA:119,0
DA:121,0
DA:122,0
DA:124,0
DA:125,0
DA:127,0
DA:128,0
DA:130,0
DA:131,0
DA:133,0
DA:138,0
DA:141,0
DA:142,0
DA:143,0
DA:144,0
DA:146,0
DA:147,0
DA:148,0
LF:75
LH:0
BRDA:5,0,0,0
BRDA:20,1,0,0
BRDA:20,1,1,0
BRDA:21,2,0,0
BRDA:21,2,1,0
BRDA:25,3,0,0
BRDA:25,3,1,0
BRDA:56,4,0,0
BRDA:56,4,1,0
BRDA:89,5,0,0
BRDA:89,5,1,0
BRDA:107,6,0,0
BRDA:107,6,1,0
BRDA:107,6,2,0
BRDA:107,6,3,0
BRDA:107,6,4,0
BRDA:107,6,5,0
BRDA:107,6,6,0
BRDA:107,6,7,0
BRDA:107,6,8,0
BRDA:142,7,0,0
BRDA:142,7,1,0
BRDA:146,8,0,0
BRDA:146,8,1,0
BRF:24
BRH:0
end_of_record
TN:
SF:src/middleware/errorHandler.ts
FN:10,(anonymous_0)
FN:23,(anonymous_1)
FN:30,(anonymous_2)
FN:36,(anonymous_3)
FN:42,(anonymous_4)
FN:48,(anonymous_5)
FN:54,(anonymous_6)
FN:59,(anonymous_7)
FN:184,(anonymous_8)
FN:185,(anonymous_9)
FN:191,(anonymous_10)
FN:193,(anonymous_11)
FNF:12
FNH:0
FNDA:0,(anonymous_0)
FNDA:0,(anonymous_1)
FNDA:0,(anonymous_2)
FNDA:0,(anonymous_3)
FNDA:0,(anonymous_4)
FNDA:0,(anonymous_5)
FNDA:0,(anonymous_6)
FNDA:0,(anonymous_7)
FNDA:0,(anonymous_8)
FNDA:0,(anonymous_9)
FNDA:0,(anonymous_10)
FNDA:0,(anonymous_11)
DA:11,0
DA:12,0
DA:13,0
DA:14,0
DA:16,0
DA:24,0
DA:25,0
DA:31,0
DA:37,0
DA:43,0
DA:49,0
DA:55,0
DA:59,0
DA:65,0
DA:66,0
DA:67,0
DA:68,0
DA:71,0
DA:81,0
DA:82,0
DA:83,0
DA:84,0
DA:85,0
DA:86,0
DA:90,0
DA:91,0
DA:92,0
DA:93,0
DA:95,0
DA:96,0
DA:97,0
DA:98,0
DA:99,0
DA:101,0
DA:102,0
DA:103,0
DA:104,0
DA:105,0
DA:107,0
DA:108,0
DA:109,0
DA:110,0
DA:111,0
DA:113,0
DA:114,0
DA:115,0
DA:116,0
DA:118,0
DA:119,0
DA:120,0
DA:121,0
DA:123,0
DA:124,0
DA:125,0
DA:126,0
DA:128,0
DA:129,0
DA:130,0
DA:131,0
DA:133,0
DA:134,0
DA:135,0
DA:136,0
DA:142,0
DA:143,0
DA:144,0
DA:145,0
DA:146,0
DA:147,0
DA:148,0
DA:149,0
DA:153,0
DA:154,0
DA:155,0
DA:156,0
DA:160,0
DA:161,0
DA:162,0
DA:165,0
DA:180,0
DA:184,0
DA:185,0
DA:186,0
DA:191,0
DA:192,0
DA:193,0
DA:195,0
DA:196,0
LF:88
LH:0
BRDA:10,0,0,0
BRDA:10,1,0,0
BRDA:30,2,0,0
BRDA:36,3,0,0
BRDA:42,4,0,0
BRDA:54,5,0,0
BRDA:81,6,0,0
BRDA:81,6,1,0
BRDA:85,7,0,0
BRDA:85,7,1,0
BRDA:90,8,0,0
BRDA:90,8,1,0
BRDA:92,9,0,0
BRDA:92,9,1,0
BRDA:93,10,0,0
BRDA:93,10,1,0
BRDA:93,10,2,0
BRDA:93,10,3,0
BRDA:93,10,4,0
BRDA:93,10,5,0
BRDA:93,10,6,0
BRDA:93,10,7,0
BRDA:142,11,0,0
BRDA:142,11,1,0
BRDA:146,12,0,0
BRDA:146,12,1,0
BRDA:153,13,0,0
BRDA:153,13,1,0
BRDA:153,14,0,0
BRDA:153,14,1,0
BRDA:160,15,0,0
BRDA:160,15,1,0
BRDA:160,16,0,0
BRDA:160,16,1,0
BRDA:175,17,0,0
BRDA:175,17,1,0
BRDA:195,18,0,0
BRDA:195,18,1,0
BRF:38
BRH:0
end_of_record
TN:
SF:src/middleware/requestLogger.ts
FN:5,(anonymous_0)
FN:29,(anonymous_1)
FN:50,(anonymous_2)
FNF:3
FNH:3
FNDA:1012,(anonymous_0)
FNDA:3,(anonymous_1)
FNDA:4,(anonymous_2)
DA:5,1
DA:7,1012
DA:8,1012
DA:11,1012
DA:12,1012
DA:13,1012
DA:14,1012
DA:17,1012
DA:28,1012
DA:29,1012
DA:30,3
DA:31,3
DA:33,3
DA:44,3
DA:47,1012
DA:50,1
DA:51,4
DA:52,4
DA:53,4
DA:55,4
DA:63,4
LF:21
LH:21
BRDA:13,0,0,1012
BRDA:13,0,1,1
BRDA:14,1,0,1012
BRDA:14,1,1,1
BRDA:39,2,0,3
BRDA:39,2,1,1
BRDA:53,3,0,1
BRDA:53,3,1,3
BRDA:53,4,0,4
BRDA:53,4,1,4
BRF:10
BRH:10
end_of_record
TN:
SF:src/middleware/validation.ts
FN:20,(anonymous_0)
FN:21,(anonymous_1)
FN:50,validateObject
FN:125,validateType
FN:220,(anonymous_4)
FNF:5
FNH:0
FNDA:0,(anonymous_0)
FNDA:0,(anonymous_1)
FNDA:0,validateObject
FNDA:0,validateType
FNDA:0,(anonymous_4)
DA:20,0
DA:21,0
DA:22,0
DA:25,0
DA:26,0
DA:27,0
DA:31,0
DA:32,0
DA:33,0
DA:37,0
DA:38,0
DA:39,0
DA:42,0
DA:43,0
DA:46,0
DA:51,0
DA:53,0
DA:54,0
DA:57,0
DA:58,0
DA:59,0
DA:63,0
DA:64,0
DA:68,0
DA:69,0
DA:70,0
DA:74,0
DA:75,0
DA:76,0
DA:78,0
DA:79,0
DA:81,0
DA:82,0
DA:87,0
DA:88,0
DA:89,0
DA:91,0
DA:92,0
DA:97,0
DA:98,0
DA:99,0
DA:101,0
DA:102,0
DA:107,0
DA:108,0
DA:112,0
DA:113,0
DA:114,0
DA:115,0
DA:122,0
DA:126,0
DA:128,0
DA:130,0
DA:132,0
DA:134,0
DA:136,0
DA:138,0
DA:140,0
DA:143,0
DA:148,0
DA:220,0
DA:221,0
DA:222,0
DA:223,0
DA:224,0
DA:226,0
DA:233,0
LF:67
LH:0
BRDA:25,0,0,0
BRDA:25,0,1,0
BRDA:31,1,0,0
BRDA:31,1,1,0
BRDA:37,2,0,0
BRDA:37,2,1,0
BRDA:42,3,0,0
BRDA:42,3,1,0
BRDA:57,4,0,0
BRDA:57,4,1,0
BRDA:57,5,0,0
BRDA:57,5,1,0
BRDA:57,5,2,0
BRDA:57,5,3,0
BRDA:63,6,0,0
BRDA:63,6,1,0
BRDA:63,7,0,0
BRDA:63,7,1,0
BRDA:63,7,2,0
BRDA:68,8,0,0
BRDA:68,8,1,0
BRDA:74,9,0,0
BRDA:74,9,1,0
BRDA:74,10,0,0
BRDA:74,10,1,0
BRDA:75,11,0,0
BRDA:75,11,1,0
BRDA:75,12,0,0
BRDA:75,12,1,0
BRDA:78,13,0,0
BRDA:78,13,1,0
BRDA:78,14,0,0
BRDA:78,14,1,0
BRDA:81,15,0,0
BRDA:81,15,1,0
BRDA:81,16,0,0
BRDA:81,16,1,0
BRDA:87,17,0,0
BRDA:87,17,1,0
BRDA:87,18,0,0
BRDA:87,18,1,0
BRDA:88,19,0,0
BRDA:88,19,1,0
BRDA:88,20,0,0
BRDA:88,20,1,0
BRDA:91,21,0,0
BRDA:91,21,1,0
BRDA:91,22,0,0
BRDA:91,22,1,0
BRDA:97,23,0,0
BRDA:97,23,1,0
BRDA:97,24,0,0
BRDA:97,24,1,0
BRDA:98,25,0,0
BRDA:98,25,1,0
BRDA:98,26,0,0
BRDA:98,26,1,0
BRDA:101,27,0,0
BRDA:101,27,1,0
BRDA:101,28,0,0
BRDA:101,28,1,0
BRDA:107,29,0,0
BRDA:107,29,1,0
BRDA:107,30,0,0
BRDA:107,30,1,0
BRDA:112,31,0,0
BRDA:112,31,1,0
BRDA:114,32,0,0
BRDA:114,32,1,0
BRDA:115,33,0,0
BRDA:115,33,1,0
BRDA:126,34,0,0
BRDA:126,34,1,0
BRDA:126,34,2,0
BRDA:126,34,3,0
BRDA:126,34,4,0
BRDA:126,34,5,0
BRDA:126,34,6,0
BRDA:126,34,7,0
BRDA:130,35,0,0
BRDA:130,35,1,0
BRDA:134,36,0,0
BRDA:134,36,1,0
BRDA:134,36,2,0
BRDA:138,37,0,0
BRDA:138,37,1,0
BRDA:140,38,0,0
BRDA:140,38,1,0
BRDA:221,39,0,0
BRDA:221,39,1,0
BRDA:222,40,0,0
BRDA:222,40,1,0
BRDA:224,41,0,0
BRDA:224,41,1,0
BRF:94
BRH:0
end_of_record
TN:
SF:src/orchestrator/EnvironmentManager.ts
FN:55,(anonymous_7)
FN:72,(anonymous_8)
FN:75,(anonymous_10)
FN:76,(anonymous_11)
FN:92,(anonymous_12)
FN:130,(anonymous_14)
FN:193,(anonymous_16)
FN:219,(anonymous_17)
FN:271,(anonymous_18)
FN:274,(anonymous_20)
FN:288,(anonymous_21)
FN:323,(anonymous_23)
FN:357,(anonymous_25)
FN:379,(anonymous_27)
FN:410,(anonymous_29)
FN:434,(anonymous_31)
FN:457,(anonymous_33)
FN:466,(anonymous_35)
FN:466,(anonymous_36)
FN:484,(anonymous_37)
FN:494,(anonymous_39)
FN:500,(anonymous_41)
FN:500,(anonymous_42)
FN:501,(anonymous_43)
FN:511,(anonymous_44)
FN:515,(anonymous_45)
FN:519,(anonymous_46)
FN:527,(anonymous_47)
FN:538,(anonymous_48)
FN:539,(anonymous_50)
FN:545,(anonymous_51)
FN:549,(anonymous_52)
FN:553,(anonymous_53)
FN:565,(anonymous_54)
FN:566,(anonymous_56)
FN:572,(anonymous_57)
FN:576,(anonymous_58)
FN:580,(anonymous_59)
FN:588,(anonymous_60)
FN:598,(anonymous_61)
FN:608,(anonymous_63)
FN:612,(anonymous_65)
FN:612,(anonymous_66)
FN:625,(anonymous_67)
FN:631,(anonymous_68)
FN:637,(anonymous_70)
FN:659,(anonymous_72)
FN:679,(anonymous_74)
FN:680,(anonymous_75)
FN:680,(anonymous_76)
FN:685,(anonymous_77)
FN:693,(anonymous_79)
FN:700,(anonymous_80)
FN:706,(anonymous_82)
FN:707,(anonymous_83)
FN:715,(anonymous_84)
FN:721,(anonymous_85)
FNF:57
FNH:0
FNDA:0,(anonymous_7)
FNDA:0,(anonymous_8)
FNDA:0,(anonymous_10)
FNDA:0,(anonymous_11)
FNDA:0,(anonymous_12)
FNDA:0,(anonymous_14)
FNDA:0,(anonymous_16)
FNDA:0,(anonymous_17)
FNDA:0,(anonymous_18)
FNDA:0,(anonymous_20)
FNDA:0,(anonymous_21)
FNDA:0,(anonymous_23)
FNDA:0,(anonymous_25)
FNDA:0,(anonymous_27)
FNDA:0,(anonymous_29)
FNDA:0,(anonymous_31)
FNDA:0,(anonymous_33)
FNDA:0,(anonymous_35)
FNDA:0,(anonymous_36)
FNDA:0,(anonymous_37)
FNDA:0,(anonymous_39)
FNDA:0,(anonymous_41)
FNDA:0,(anonymous_42)
FNDA:0,(anonymous_43)
FNDA:0,(anonymous_44)
FNDA:0,(anonymous_45)
FNDA:0,(anonymous_46)
FNDA:0,(anonymous_47)
FNDA:0,(anonymous_48)
FNDA:0,(anonymous_50)
FNDA:0,(anonymous_51)
FNDA:0,(anonymous_52)
FNDA:0,(anonymous_53)
FNDA:0,(anonymous_54)
FNDA:0,(anonymous_56)
FNDA:0,(anonymous_57)
FNDA:0,(anonymous_58)
FNDA:0,(anonymous_59)
FNDA:0,(anonymous_60)
FNDA:0,(anonymous_61)
FNDA:0,(anonymous_63)
FNDA:0,(anonymous_65)
FNDA:0,(anonymous_66)
FNDA:0,(anonymous_67)
FNDA:0,(anonymous_68)
FNDA:0,(anonymous_70)
FNDA:0,(anonymous_72)
FNDA:0,(anonymous_74)
FNDA:0,(anonymous_75)
FNDA:0,(anonymous_76)
FNDA:0,(anonymous_77)
FNDA:0,(anonymous_79)
FNDA:0,(anonymous_80)
FNDA:0,(anonymous_82)
FNDA:0,(anonymous_83)
FNDA:0,(anonymous_84)
FNDA:0,(anonymous_85)
DA:56,0
DA:57,0
DA:58,0
DA:59,0
DA:60,0
DA:61,0
DA:68,0
DA:69,0
DA:73,0
DA:74,0
DA:75,0
DA:76,0
DA:77,0
DA:78,0
DA:79,0
DA:81,0
DA:83,0
DA:87,0
DA:88,0
DA:93,0
DA:95,0
DA:96,0
DA:99,0
DA:103,0
DA:105,0
DA:106,0
DA:108,0
DA:109,0
DA:111,0
DA:112,0
DA:114,0
DA:117,0
DA:119,0
DA:120,0
DA:122,0
DA:125,0
DA:126,0
DA:131,0
DA:132,0
DA:135,0
DA:138,0
DA:185,0
DA:188,0
DA:193,0
DA:197,0
DA:204,0
DA:219,0
DA:224,0
DA:227,0
DA:230,0
DA:232,0
DA:243,0
DA:246,0
DA:249,0
DA:250,0
DA:252,0
DA:265,0
DA:266,0
DA:268,0
DA:272,0
DA:274,0
DA:276,0
DA:277,0
DA:280,0
DA:283,0
DA:284,0
DA:291,0
DA:305,0
DA:307,0
DA:324,0
DA:325,0
DA:327,0
DA:337,0
DA:339,0
DA:358,0
DA:359,0
DA:361,0
DA:380,0
DA:381,0
DA:382,0
DA:383,0
DA:384,0
DA:387,0
DA:389,0
DA:390,0
DA:392,0
DA:393,0
DA:395,0
DA:396,0
DA:399,0
DA:401,0
DA:402,0
DA:405,0
DA:406,0
DA:411,0
DA:412,0
DA:413,0
DA:416,0
DA:418,0
DA:421,0
DA:424,0
DA:425,0
DA:427,0
DA:430,0
DA:435,0
DA:436,0
DA:437,0
DA:440,0
DA:441,0
DA:447,0
DA:448,0
DA:450,0
DA:453,0
DA:458,0
DA:459,0
DA:460,0
DA:462,0
DA:466,0
DA:467,0
DA:468,0
DA:469,0
DA:472,0
DA:474,0
DA:476,0
DA:478,0
DA:480,0
DA:485,0
DA:486,0
DA:487,0
DA:490,0
DA:491,0
DA:497,0
DA:500,0
DA:501,0
DA:502,0
DA:508,0
DA:509,0
DA:511,0
DA:512,0
DA:515,0
DA:516,0
DA:519,0
DA:520,0
DA:527,0
DA:528,0
DA:529,0
DA:539,0
DA:540,0
DA:542,0
DA:543,0
DA:545,0
DA:546,0
DA:549,0
DA:550,0
DA:553,0
DA:554,0
DA:555,0
DA:557,0
DA:561,0
DA:566,0
DA:567,0
DA:569,0
DA:570,0
DA:572,0
DA:573,0
DA:576,0
DA:577,0
DA:580,0
DA:581,0
DA:588,0
DA:589,0
DA:599,0
DA:600,0
DA:602,0
DA:603,0
DA:609,0
DA:612,0
DA:613,0
DA:615,0
DA:616,0
DA:617,0
DA:618,0
DA:619,0
DA:625,0
DA:628,0
DA:632,0
DA:633,0
DA:634,0
DA:638,0
DA:639,0
DA:640,0
DA:644,0
DA:645,0
DA:646,0
DA:647,0
DA:648,0
DA:649,0
DA:651,0
DA:656,0
DA:660,0
DA:661,0
DA:662,0
DA:665,0
DA:666,0
DA:667,0
DA:670,0
DA:671,0
DA:672,0
DA:674,0
DA:675,0
DA:680,0
DA:681,0
DA:686,0
DA:687,0
DA:689,0
DA:690,0
DA:691,0
DA:692,0
DA:693,0
DA:694,0
DA:701,0
DA:702,0
DA:705,0
DA:706,0
DA:707,0
DA:708,0
DA:712,0
DA:716,0
DA:721,0
LF:229
LH:0
BRDA:77,0,0,0
BRDA:77,0,1,0
BRDA:95,1,0,0
BRDA:95,1,1,0
BRDA:99,2,0,0
BRDA:99,2,1,0
BRDA:103,3,0,0
BRDA:103,3,1,0
BRDA:103,3,2,0
BRDA:103,3,3,0
BRDA:193,4,0,0
BRDA:193,4,1,0
BRDA:197,5,0,0
BRDA:197,5,1,0
BRDA:276,6,0,0
BRDA:276,6,1,0
BRDA:298,7,0,0
BRDA:298,7,1,0
BRDA:382,8,0,0
BRDA:382,8,1,0
BRDA:387,9,0,0
BRDA:387,9,1,0
BRDA:387,9,2,0
BRDA:412,10,0,0
BRDA:412,10,1,0
BRDA:436,11,0,0
BRDA:436,11,1,0
BRDA:441,12,0,0
BRDA:441,12,1,0
BRDA:441,13,0,0
BRDA:441,13,1,0
BRDA:441,14,0,0
BRDA:441,14,1,0
BRDA:441,15,0,0
BRDA:441,15,1,0
BRDA:466,16,0,0
BRDA:468,17,0,0
BRDA:468,17,1,0
BRDA:472,18,0,0
BRDA:472,18,1,0
BRDA:472,18,2,0
BRDA:472,18,3,0
BRDA:478,19,0,0
BRDA:478,19,1,0
BRDA:478,20,0,0
BRDA:478,20,1,0
BRDA:486,21,0,0
BRDA:486,21,1,0
BRDA:500,22,0,0
BRDA:511,23,0,0
BRDA:511,23,1,0
BRDA:511,24,0,0
BRDA:511,24,1,0
BRDA:515,25,0,0
BRDA:515,25,1,0
BRDA:515,26,0,0
BRDA:515,26,1,0
BRDA:523,27,0,0
BRDA:523,27,1,0
BRDA:545,28,0,0
BRDA:545,28,1,0
BRDA:545,29,0,0
BRDA:545,29,1,0
BRDA:549,30,0,0
BRDA:549,30,1,0
BRDA:549,31,0,0
BRDA:549,31,1,0
BRDA:554,32,0,0
BRDA:554,32,1,0
BRDA:572,33,0,0
BRDA:572,33,1,0
BRDA:572,34,0,0
BRDA:572,34,1,0
BRDA:576,35,0,0
BRDA:576,35,1,0
BRDA:576,36,0,0
BRDA:576,36,1,0
BRDA:584,37,0,0
BRDA:584,37,1,0
BRDA:602,38,0,0
BRDA:602,38,1,0
BRDA:612,39,0,0
BRDA:618,40,0,0
BRDA:618,40,1,0
BRDA:639,41,0,0
BRDA:639,41,1,0
BRDA:644,42,0,0
BRDA:644,42,1,0
BRDA:646,43,0,0
BRDA:646,43,1,0
BRDA:649,44,0,0
BRDA:649,44,1,0
BRDA:661,45,0,0
BRDA:661,45,1,0
BRDA:661,46,0,0
BRDA:661,46,1,0
BRDA:666,47,0,0
BRDA:666,47,1,0
BRDA:691,48,0,0
BRDA:691,48,1,0
BRDA:691,49,0,0
BRDA:691,49,1,0
BRDA:701,50,0,0
BRDA:701,50,1,0
BRF:104
BRH:0
end_of_record
TN:
SF:src/orchestrator/ErrorHandler.ts
FN:34,(anonymous_7)
FN:53,(anonymous_8)
FN:188,(anonymous_9)
FN:195,(anonymous_10)
FN:246,(anonymous_12)
FN:266,(anonymous_13)
FN:280,(anonymous_14)
FN:302,(anonymous_15)
FN:324,(anonymous_16)
FN:355,(anonymous_17)
FN:364,(anonymous_18)
FN:378,(anonymous_19)
FN:395,(anonymous_21)
FN:399,(anonymous_22)
FN:403,(anonymous_23)
FN:414,(anonymous_24)
FN:417,(anonymous_25)
FN:436,(anonymous_26)
FN:437,(anonymous_27)
FN:456,(anonymous_28)
FN:461,(anonymous_29)
FN:462,(anonymous_30)
FN:471,(anonymous_31)
FN:490,(anonymous_32)
FN:503,(anonymous_33)
FN:523,(anonymous_34)
FN:545,(anonymous_35)
FN:566,(anonymous_36)
FN:573,(anonymous_38)
FN:575,(anonymous_40)
FN:580,(anonymous_41)
FN:583,(anonymous_43)
FN:588,(anonymous_44)
FNF:33
FNH:0
FNDA:0,(anonymous_7)
FNDA:0,(anonymous_8)
FNDA:0,(anonymous_9)
FNDA:0,(anonymous_10)
FNDA:0,(anonymous_12)
FNDA:0,(anonymous_13)
FNDA:0,(anonymous_14)
FNDA:0,(anonymous_15)
FNDA:0,(anonymous_16)
FNDA:0,(anonymous_17)
FNDA:0,(anonymous_18)
FNDA:0,(anonymous_19)
FNDA:0,(anonymous_21)
FNDA:0,(anonymous_22)
FNDA:0,(anonymous_23)
FNDA:0,(anonymous_24)
FNDA:0,(anonymous_25)
FNDA:0,(anonymous_26)
FNDA:0,(anonymous_27)
FNDA:0,(anonymous_28)
FNDA:0,(anonymous_29)
FNDA:0,(anonymous_30)
FNDA:0,(anonymous_31)
FNDA:0,(anonymous_32)
FNDA:0,(anonymous_33)
FNDA:0,(anonymous_34)
FNDA:0,(anonymous_35)
FNDA:0,(anonymous_36)
FNDA:0,(anonymous_38)
FNDA:0,(anonymous_40)
FNDA:0,(anonymous_41)
FNDA:0,(anonymous_43)
FNDA:0,(anonymous_44)
DA:35,0
DA:36,0
DA:37,0
DA:38,0
DA:39,0
DA:49,0
DA:50,0
DA:54,0
DA:189,0
DA:190,0
DA:191,0
DA:192,0
DA:201,0
DA:204,0
DA:207,0
DA:227,0
DA:230,0
DA:233,0
DA:236,0
DA:239,0
DA:240,0
DA:243,0
DA:247,0
DA:248,0
DA:250,0
DA:251,0
DA:252,0
DA:253,0
DA:255,0
DA:256,0
DA:258,0
DA:263,0
DA:267,0
DA:268,0
DA:271,0
DA:272,0
DA:275,0
DA:276,0
DA:281,0
DA:284,0
DA:285,0
DA:288,0
DA:291,0
DA:294,0
DA:295,0
DA:299,0
DA:303,0
DA:304,0
DA:305,0
DA:307,0
DA:308,0
DA:309,0
DA:310,0
DA:311,0
DA:313,0
DA:314,0
DA:320,0
DA:321,0
DA:325,0
DA:326,0
DA:328,0
DA:340,0
DA:342,0
DA:343,0
DA:345,0
DA:346,0
DA:348,0
DA:349,0
DA:351,0
DA:356,0
DA:357,0
DA:358,0
DA:361,0
DA:365,0
DA:368,0
DA:370,0
DA:372,0
DA:374,0
DA:379,0
DA:380,0
DA:381,0
DA:382,0
DA:385,0
DA:386,0
DA:387,0
DA:388,0
DA:390,0
DA:391,0
DA:396,0
DA:400,0
DA:404,0
DA:406,0
DA:407,0
DA:408,0
DA:409,0
DA:414,0
DA:418,0
DA:420,0
DA:421,0
DA:422,0
DA:423,0
DA:424,0
DA:427,0
DA:428,0
DA:430,0
DA:431,0
DA:436,0
DA:437,0
DA:438,0
DA:457,0
DA:458,0
DA:462,0
DA:463,0
DA:464,0
DA:465,0
DA:466,0
DA:468,0
DA:472,0
DA:473,0
DA:474,0
DA:476,0
DA:477,0
DA:486,0
DA:491,0
DA:498,0
DA:503,0
DA:520,0
DA:524,0
DA:531,0
DA:532,0
DA:533,0
DA:535,0
DA:536,0
DA:538,0
DA:539,0
DA:542,0
DA:546,0
DA:547,0
DA:556,0
DA:567,0
DA:574,0
DA:575,0
DA:581,0
DA:582,0
DA:583,0
LF:145
LH:0
BRDA:210,0,0,0
BRDA:210,0,1,0
BRDA:210,1,0,0
BRDA:210,1,1,0
BRDA:210,2,0,0
BRDA:210,2,1,0
BRDA:211,3,0,0
BRDA:211,3,1,0
BRDA:211,4,0,0
BRDA:211,4,1,0
BRDA:211,5,0,0
BRDA:211,5,1,0
BRDA:214,6,0,0
BRDA:214,6,1,0
BRDA:214,7,0,0
BRDA:214,7,1,0
BRDA:214,8,0,0
BRDA:214,8,1,0
BRDA:216,9,0,0
BRDA:216,9,1,0
BRDA:216,10,0,0
BRDA:216,10,1,0
BRDA:216,11,0,0
BRDA:216,11,1,0
BRDA:220,12,0,0
BRDA:220,12,1,0
BRDA:220,13,0,0
BRDA:220,13,1,0
BRDA:221,14,0,0
BRDA:221,14,1,0
BRDA:221,15,0,0
BRDA:221,15,1,0
BRDA:239,16,0,0
BRDA:239,16,1,0
BRDA:239,17,0,0
BRDA:239,17,1,0
BRDA:248,18,0,0
BRDA:248,18,1,0
BRDA:248,19,0,0
BRDA:248,19,1,0
BRDA:248,20,0,0
BRDA:248,20,1,0
BRDA:251,21,0,0
BRDA:251,21,1,0
BRDA:252,22,0,0
BRDA:252,22,1,0
BRDA:252,23,0,0
BRDA:252,23,1,0
BRDA:255,24,0,0
BRDA:255,24,1,0
BRDA:256,25,0,0
BRDA:256,25,1,0
BRDA:256,26,0,0
BRDA:256,26,1,0
BRDA:267,27,0,0
BRDA:267,27,1,0
BRDA:275,28,0,0
BRDA:275,28,1,0
BRDA:284,29,0,0
BRDA:284,29,1,0
BRDA:284,30,0,0
BRDA:284,30,1,0
BRDA:284,31,0,0
BRDA:284,31,1,0
BRDA:285,32,0,0
BRDA:285,32,1,0
BRDA:288,33,0,0
BRDA:288,33,1,0
BRDA:291,34,0,0
BRDA:291,34,1,0
BRDA:294,35,0,0
BRDA:294,35,1,0
BRDA:310,36,0,0
BRDA:310,36,1,0
BRDA:313,37,0,0
BRDA:313,37,1,0
BRDA:320,38,0,0
BRDA:320,38,1,0
BRDA:321,39,0,0
BRDA:321,39,1,0
BRDA:331,40,0,0
BRDA:331,40,1,0
BRDA:331,41,0,0
BRDA:331,41,1,0
BRDA:332,42,0,0
BRDA:332,42,1,0
BRDA:332,43,0,0
BRDA:332,43,1,0
BRDA:333,44,0,0
BRDA:333,44,1,0
BRDA:333,45,0,0
BRDA:333,45,1,0
BRDA:337,46,0,0
BRDA:337,46,1,0
BRDA:337,47,0,0
BRDA:337,47,1,0
BRDA:340,48,0,0
BRDA:340,48,1,0
BRDA:340,48,2,0
BRDA:340,48,3,0
BRDA:357,49,0,0
BRDA:357,49,1,0
BRDA:365,50,0,0
BRDA:365,50,1,0
BRDA:365,50,2,0
BRDA:365,50,3,0
BRDA:365,50,4,0
BRDA:380,51,0,0
BRDA:380,51,1,0
BRDA:396,52,0,0
BRDA:396,52,1,0
BRDA:408,53,0,0
BRDA:408,53,1,0
BRDA:408,54,0,0
BRDA:408,54,1,0
BRDA:422,55,0,0
BRDA:422,55,1,0
BRDA:422,56,0,0
BRDA:422,56,1,0
BRDA:422,57,0,0
BRDA:422,57,1,0
BRDA:423,58,0,0
BRDA:423,58,1,0
BRDA:430,59,0,0
BRDA:430,59,1,0
BRDA:430,60,0,0
BRDA:430,60,1,0
BRDA:439,61,0,0
BRDA:439,61,1,0
BRDA:451,62,0,0
BRDA:451,62,1,0
BRDA:463,63,0,0
BRDA:463,63,1,0
BRDA:472,64,0,0
BRDA:472,64,1,0
BRDA:491,65,0,0
BRDA:491,65,1,0
BRDA:500,66,0,0
BRDA:500,66,1,0
BRDA:512,67,0,0
BRDA:512,67,1,0
BRDA:512,68,0,0
BRDA:512,68,1,0
BRDA:513,69,0,0
BRDA:513,69,1,0
BRDA:513,70,0,0
BRDA:513,70,1,0
BRDA:514,71,0,0
BRDA:514,71,1,0
BRDA:514,72,0,0
BRDA:514,72,1,0
BRDA:515,73,0,0
BRDA:515,73,1,0
BRDA:515,74,0,0
BRDA:515,74,1,0
BRDA:532,75,0,0
BRDA:532,75,1,0
BRDA:533,76,0,0
BRDA:533,76,1,0
BRDA:535,77,0,0
BRDA:535,77,1,0
BRDA:535,78,0,0
BRDA:535,78,1,0
BRDA:535,79,0,0
BRDA:535,79,1,0
BRDA:536,80,0,0
BRDA:536,80,1,0
BRDA:538,81,0,0
BRDA:538,81,1,0
BRDA:538,82,0,0
BRDA:538,82,1,0
BRDA:538,83,0,0
BRDA:538,83,1,0
BRDA:539,84,0,0
BRDA:539,84,1,0
BRF:175
BRH:0
end_of_record
TN:
SF:src/orchestrator/EvaluationOrchestrator.ts
FN:42,(anonymous_7)
FN:49,(anonymous_8)
FN:65,(anonymous_10)
FN:66,(anonymous_11)
FN:203,(anonymous_12)
FN:210,(anonymous_13)
FN:217,(anonymous_14)
FN:219,(anonymous_15)
FN:219,(anonymous_16)
FN:243,(anonymous_17)
FN:243,(anonymous_18)
FN:283,(anonymous_19)
FN:283,(anonymous_20)
FN:301,(anonymous_21)
FN:301,(anonymous_22)
FN:331,(anonymous_23)
FN:331,(anonymous_24)
FN:351,(anonymous_25)
FN:370,(anonymous_26)
FN:377,(anonymous_28)
FN:419,(anonymous_29)
FN:430,(anonymous_31)
FN:439,(anonymous_33)
FNF:23
FNH:0
FNDA:0,(anonymous_7)
FNDA:0,(anonymous_8)
FNDA:0,(anonymous_10)
FNDA:0,(anonymous_11)
FNDA:0,(anonymous_12)
FNDA:0,(anonymous_13)
FNDA:0,(anonymous_14)
FNDA:0,(anonymous_15)
FNDA:0,(anonymous_16)
FNDA:0,(anonymous_17)
FNDA:0,(anonymous_18)
FNDA:0,(anonymous_19)
FNDA:0,(anonymous_20)
FNDA:0,(anonymous_21)
FNDA:0,(anonymous_22)
FNDA:0,(anonymous_23)
FNDA:0,(anonymous_24)
FNDA:0,(anonymous_25)
FNDA:0,(anonymous_26)
FNDA:0,(anonymous_28)
FNDA:0,(anonymous_29)
FNDA:0,(anonymous_31)
FNDA:0,(anonymous_33)
DA:39,0
DA:50,0
DA:51,0
DA:53,0
DA:55,0
DA:57,0
DA:58,0
DA:66,0
DA:70,0
DA:71,0
DA:74,0
DA:75,0
DA:78,0
DA:87,0
DA:93,0
DA:112,0
DA:113,0
DA:116,0
DA:119,0
DA:120,0
DA:123,0
DA:134,0
DA:137,0
DA:140,0
DA:143,0
DA:144,0
DA:145,0
DA:148,0
DA:155,0
DA:156,0
DA:159,0
DA:164,0
DA:167,0
DA:169,0
DA:170,0
DA:171,0
DA:172,0
DA:175,0
DA:183,0
DA:186,0
DA:187,0
DA:190,0
DA:191,0
DA:192,0
DA:195,0
DA:204,0
DA:211,0
DA:218,0
DA:219,0
DA:220,0
DA:223,0
DA:224,0
DA:226,0
DA:227,0
DA:229,0
DA:230,0
DA:234,0
DA:235,0
DA:238,0
DA:240,0
DA:243,0
DA:244,0
DA:247,0
DA:248,0
DA:251,0
DA:256,0
DA:257,0
DA:258,0
DA:261,0
DA:262,0
DA:265,0
DA:267,0
DA:271,0
DA:272,0
DA:275,0
DA:276,0
DA:277,0
DA:279,0
DA:283,0
DA:284,0
DA:287,0
DA:288,0
DA:290,0
DA:291,0
DA:292,0
DA:294,0
DA:298,0
DA:301,0
DA:302,0
DA:305,0
DA:306,0
DA:316,0
DA:326,0
DA:328,0
DA:331,0
DA:332,0
DA:335,0
DA:336,0
DA:339,0
DA:341,0
DA:346,0
DA:351,0
DA:352,0
DA:356,0
DA:357,0
DA:358,0
DA:359,0
DA:362,0
DA:364,0
DA:372,0
DA:373,0
DA:377,0
DA:380,0
DA:382,0
DA:389,0
DA:391,0
DA:400,0
DA:402,0
DA:411,0
DA:412,0
DA:420,0
DA:421,0
DA:424,0
DA:431,0
DA:432,0
DA:440,0
DA:441,0
DA:442,0
DA:445,0
LF:129
LH:0
BRDA:68,0,0,0
BRDA:70,1,0,0
BRDA:70,1,1,0
BRDA:145,2,0,0
BRDA:145,2,1,0
BRDA:145,3,0,0
BRDA:145,3,1,0
BRDA:155,4,0,0
BRDA:155,4,1,0
BRDA:169,5,0,0
BRDA:169,5,1,0
BRDA:172,6,0,0
BRDA:172,6,1,0
BRDA:191,7,0,0
BRDA:191,7,1,0
BRDA:226,8,0,0
BRDA:226,8,1,0
BRDA:229,9,0,0
BRDA:229,9,1,0
BRDA:234,10,0,0
BRDA:234,10,1,0
BRDA:247,11,0,0
BRDA:247,11,1,0
BRDA:261,12,0,0
BRDA:261,12,1,0
BRDA:271,13,0,0
BRDA:271,13,1,0
BRDA:272,14,0,0
BRDA:272,14,1,0
BRDA:275,15,0,0
BRDA:275,15,1,0
BRDA:276,16,0,0
BRDA:276,16,1,0
BRDA:287,17,0,0
BRDA:287,17,1,0
BRDA:290,18,0,0
BRDA:290,18,1,0
BRDA:305,19,0,0
BRDA:305,19,1,0
BRDA:335,20,0,0
BRDA:335,20,1,0
BRDA:372,21,0,0
BRDA:372,21,1,0
BRDA:380,22,0,0
BRDA:380,22,1,0
BRDA:380,23,0,0
BRDA:380,23,1,0
BRDA:389,24,0,0
BRDA:389,24,1,0
BRDA:389,25,0,0
BRDA:389,25,1,0
BRDA:400,26,0,0
BRDA:400,26,1,0
BRDA:400,27,0,0
BRDA:400,27,1,0
BRDA:411,28,0,0
BRDA:411,28,1,0
BRDA:420,29,0,0
BRDA:420,29,1,0
BRDA:431,30,0,0
BRDA:431,30,1,0
BRDA:431,31,0,0
BRDA:431,31,1,0
BRDA:441,32,0,0
BRDA:441,32,1,0
BRF:65
BRH:0
end_of_record
TN:
SF:src/orchestrator/EvaluationQueue.ts
FN:15,(anonymous_7)
FN:27,(anonymous_8)
FN:65,(anonymous_10)
FN:81,(anonymous_11)
FN:92,(anonymous_13)
FN:117,(anonymous_15)
FN:120,(anonymous_17)
FN:124,(anonymous_18)
FN:140,(anonymous_20)
FN:160,(anonymous_22)
FN:184,(anonymous_24)
FN:187,(anonymous_25)
FN:194,(anonymous_27)
FN:205,(anonymous_28)
FN:210,(anonymous_30)
FN:226,(anonymous_32)
FN:237,(anonymous_34)
FN:248,(anonymous_35)
FN:249,(anonymous_37)
FN:252,(anonymous_38)
FN:260,(anonymous_40)
FN:267,(anonymous_41)
FN:269,(anonymous_42)
FN:281,(anonymous_43)
FN:285,(anonymous_45)
FN:287,(anonymous_47)
FN:301,(anonymous_48)
FN:316,(anonymous_50)
FN:321,(anonymous_52)
FN:326,(anonymous_53)
FN:341,(anonymous_54)
FN:346,(anonymous_55)
FN:351,(anonymous_56)
FN:360,(anonymous_57)
FN:367,(anonymous_58)
FNF:35
FNH:0
FNDA:0,(anonymous_7)
FNDA:0,(anonymous_8)
FNDA:0,(anonymous_10)
FNDA:0,(anonymous_11)
FNDA:0,(anonymous_13)
FNDA:0,(anonymous_15)
FNDA:0,(anonymous_17)
FNDA:0,(anonymous_18)
FNDA:0,(anonymous_20)
FNDA:0,(anonymous_22)
FNDA:0,(anonymous_24)
FNDA:0,(anonymous_25)
FNDA:0,(anonymous_27)
FNDA:0,(anonymous_28)
FNDA:0,(anonymous_30)
FNDA:0,(anonymous_32)
FNDA:0,(anonymous_34)
FNDA:0,(anonymous_35)
FNDA:0,(anonymous_37)
FNDA:0,(anonymous_38)
FNDA:0,(anonymous_40)
FNDA:0,(anonymous_41)
FNDA:0,(anonymous_42)
FNDA:0,(anonymous_43)
FNDA:0,(anonymous_45)
FNDA:0,(anonymous_47)
FNDA:0,(anonymous_48)
FNDA:0,(anonymous_50)
FNDA:0,(anonymous_52)
FNDA:0,(anonymous_53)
FNDA:0,(anonymous_54)
FNDA:0,(anonymous_55)
FNDA:0,(anonymous_56)
FNDA:0,(anonymous_57)
FNDA:0,(anonymous_58)
DA:16,0
DA:17,0
DA:18,0
DA:19,0
DA:20,0
DA:21,0
DA:22,0
DA:24,0
DA:28,0
DA:36,0
DA:39,0
DA:56,0
DA:57,0
DA:60,0
DA:62,0
DA:66,0
DA:67,0
DA:69,0
DA:70,0
DA:71,0
DA:72,0
DA:73,0
DA:74,0
DA:78,0
DA:82,0
DA:83,0
DA:86,0
DA:89,0
DA:93,0
DA:94,0
DA:96,0
DA:97,0
DA:108,0
DA:109,0
DA:113,0
DA:118,0
DA:119,0
DA:120,0
DA:126,0
DA:127,0
DA:131,0
DA:132,0
DA:133,0
DA:137,0
DA:141,0
DA:143,0
DA:146,0
DA:148,0
DA:149,0
DA:152,0
DA:155,0
DA:156,0
DA:161,0
DA:162,0
DA:163,0
DA:164,0
DA:168,0
DA:170,0
DA:171,0
DA:172,0
DA:173,0
DA:175,0
DA:176,0
DA:177,0
DA:180,0
DA:184,0
DA:188,0
DA:190,0
DA:191,0
DA:194,0
DA:195,0
DA:196,0
DA:199,0
DA:200,0
DA:201,0
DA:206,0
DA:207,0
DA:211,0
DA:212,0
DA:213,0
DA:217,0
DA:218,0
DA:220,0
DA:221,0
DA:223,0
DA:228,0
DA:229,0
DA:230,0
DA:231,0
DA:232,0
DA:233,0
DA:237,0
DA:238,0
DA:239,0
DA:240,0
DA:241,0
DA:242,0
DA:245,0
DA:249,0
DA:253,0
DA:260,0
DA:267,0
DA:269,0
DA:282,0
DA:287,0
DA:288,0
DA:289,0
DA:290,0
DA:291,0
DA:293,0
DA:294,0
DA:295,0
DA:298,0
DA:303,0
DA:304,0
DA:308,0
DA:309,0
DA:310,0
DA:312,0
DA:313,0
DA:317,0
DA:318,0
DA:319,0
DA:321,0
DA:323,0
DA:326,0
DA:328,0
DA:331,0
DA:342,0
DA:345,0
DA:346,0
DA:347,0
DA:352,0
DA:353,0
DA:354,0
DA:357,0
DA:361,0
DA:362,0
DA:363,0
DA:368,0
LF:140
LH:0
BRDA:15,0,0,0
BRDA:72,1,0,0
BRDA:72,1,1,0
BRDA:126,2,0,0
BRDA:126,2,1,0
BRDA:126,3,0,0
BRDA:126,3,1,0
BRDA:132,4,0,0
BRDA:132,4,1,0
BRDA:162,5,0,0
BRDA:162,5,1,0
BRDA:170,6,0,0
BRDA:170,6,1,0
BRDA:190,7,0,0
BRDA:190,7,1,0
BRDA:212,8,0,0
BRDA:212,8,1,0
BRDA:229,9,0,0
BRDA:229,9,1,0
BRDA:238,10,0,0
BRDA:238,10,1,0
BRDA:288,11,0,0
BRDA:288,11,1,0
BRDA:342,12,0,0
BRDA:342,12,1,0
BRF:25
BRH:0
end_of_record
TN:
SF:src/orchestrator/ExecutionEngine.ts
FN:30,(anonymous_7)
FN:38,(anonymous_8)
FN:57,(anonymous_10)
FN:77,(anonymous_12)
FN:107,(anonymous_14)
FN:136,(anonymous_16)
FN:167,(anonymous_18)
FN:198,(anonymous_20)
FN:229,(anonymous_22)
FN:250,(anonymous_24)
FN:348,(anonymous_26)
FN:370,(anonymous_28)
FN:375,(anonymous_30)
FN:383,(anonymous_31)
FN:422,(anonymous_32)
FN:425,(anonymous_34)
FN:432,(anonymous_35)
FN:475,(anonymous_36)
FN:478,(anonymous_38)
FN:485,(anonymous_39)
FN:529,(anonymous_40)
FN:532,(anonymous_42)
FN:539,(anonymous_43)
FN:582,(anonymous_44)
FN:585,(anonymous_46)
FN:592,(anonymous_47)
FN:634,(anonymous_48)
FN:637,(anonymous_50)
FN:644,(anonymous_51)
FN:681,(anonymous_52)
FN:709,(anonymous_53)
FN:713,(anonymous_54)
FN:723,(anonymous_55)
FN:733,(anonymous_56)
FN:744,(anonymous_57)
FNF:35
FNH:0
FNDA:0,(anonymous_7)
FNDA:0,(anonymous_8)
FNDA:0,(anonymous_10)
FNDA:0,(anonymous_12)
FNDA:0,(anonymous_14)
FNDA:0,(anonymous_16)
FNDA:0,(anonymous_18)
FNDA:0,(anonymous_20)
FNDA:0,(anonymous_22)
FNDA:0,(anonymous_24)
FNDA:0,(anonymous_26)
FNDA:0,(anonymous_28)
FNDA:0,(anonymous_30)
FNDA:0,(anonymous_31)
FNDA:0,(anonymous_32)
FNDA:0,(anonymous_34)
FNDA:0,(anonymous_35)
FNDA:0,(anonymous_36)
FNDA:0,(anonymous_38)
FNDA:0,(anonymous_39)
FNDA:0,(anonymous_40)
FNDA:0,(anonymous_42)
FNDA:0,(anonymous_43)
FNDA:0,(anonymous_44)
FNDA:0,(anonymous_46)
FNDA:0,(anonymous_47)
FNDA:0,(anonymous_48)
FNDA:0,(anonymous_50)
FNDA:0,(anonymous_51)
FNDA:0,(anonymous_52)
FNDA:0,(anonymous_53)
FNDA:0,(anonymous_54)
FNDA:0,(anonymous_55)
FNDA:0,(anonymous_56)
FNDA:0,(anonymous_57)
DA:31,0
DA:32,0
DA:33,0
DA:34,0
DA:35,0
DA:39,0
DA:40,0
DA:41,0
DA:42,0
DA:46,0
DA:48,0
DA:49,0
DA:52,0
DA:53,0
DA:58,0
DA:59,0
DA:61,0
DA:63,0
DA:65,0
DA:67,0
DA:69,0
DA:71,0
DA:73,0
DA:80,0
DA:81,0
DA:83,0
DA:84,0
DA:104,0
DA:109,0
DA:110,0
DA:112,0
DA:113,0
DA:133,0
DA:138,0
DA:139,0
DA:141,0
DA:142,0
DA:164,0
DA:169,0
DA:170,0
DA:172,0
DA:173,0
DA:195,0
DA:200,0
DA:201,0
DA:203,0
DA:204,0
DA:226,0
DA:231,0
DA:232,0
DA:234,0
DA:235,0
DA:247,0
DA:251,0
DA:252,0
DA:254,0
DA:256,0
DA:257,0
DA:261,0
DA:268,0
DA:271,0
DA:272,0
DA:273,0
DA:277,0
DA:280,0
DA:281,0
DA:282,0
DA:283,0
DA:284,0
DA:287,0
DA:288,0
DA:290,0
DA:307,0
DA:308,0
DA:310,0
DA:314,0
DA:315,0
DA:316,0
DA:317,0
DA:318,0
DA:321,0
DA:322,0
DA:324,0
DA:341,0
DA:342,0
DA:344,0
DA:354,0
DA:356,0
DA:358,0
DA:360,0
DA:362,0
DA:364,0
DA:366,0
DA:372,0
DA:375,0
DA:376,0
DA:379,0
DA:381,0
DA:383,0
DA:386,0
DA:388,0
DA:389,0
DA:405,0
DA:414,0
DA:415,0
DA:416,0
DA:417,0
DA:423,0
DA:425,0
DA:426,0
DA:429,0
DA:431,0
DA:432,0
DA:434,0
DA:436,0
DA:437,0
DA:458,0
DA:467,0
DA:468,0
DA:469,0
DA:470,0
DA:476,0
DA:478,0
DA:479,0
DA:482,0
DA:484,0
DA:485,0
DA:487,0
DA:489,0
DA:490,0
DA:512,0
DA:521,0
DA:522,0
DA:523,0
DA:524,0
DA:530,0
DA:532,0
DA:533,0
DA:536,0
DA:538,0
DA:539,0
DA:541,0
DA:543,0
DA:544,0
DA:565,0
DA:574,0
DA:575,0
DA:576,0
DA:577,0
DA:583,0
DA:585,0
DA:586,0
DA:589,0
DA:591,0
DA:592,0
DA:594,0
DA:596,0
DA:597,0
DA:617,0
DA:626,0
DA:627,0
DA:628,0
DA:629,0
DA:635,0
DA:637,0
DA:638,0
DA:641,0
DA:643,0
DA:644,0
DA:646,0
DA:648,0
DA:649,0
DA:664,0
DA:673,0
DA:674,0
DA:675,0
DA:676,0
DA:682,0
DA:683,0
DA:684,0
DA:688,0
DA:689,0
DA:693,0
DA:694,0
DA:695,0
DA:696,0
DA:700,0
DA:701,0
DA:703,0
DA:704,0
DA:706,0
DA:710,0
DA:714,0
DA:724,0
DA:725,0
DA:726,0
DA:727,0
DA:730,0
DA:734,0
DA:735,0
DA:737,0
DA:738,0
DA:741,0
DA:745,0
DA:748,0
DA:749,0
DA:752,0
DA:753,0
DA:755,0
DA:757,0
LF:210
LH:0
BRDA:30,0,0,0
BRDA:30,1,0,0
BRDA:41,2,0,0
BRDA:41,2,1,0
BRDA:61,3,0,0
BRDA:61,3,1,0
BRDA:61,3,2,0
BRDA:61,3,3,0
BRDA:61,3,4,0
BRDA:61,3,5,0
BRDA:80,4,0,0
BRDA:80,4,1,0
BRDA:109,5,0,0
BRDA:109,5,1,0
BRDA:138,6,0,0
BRDA:138,6,1,0
BRDA:169,7,0,0
BRDA:169,7,1,0
BRDA:200,8,0,0
BRDA:200,8,1,0
BRDA:231,9,0,0
BRDA:231,9,1,0
BRDA:237,10,0,0
BRDA:237,10,1,0
BRDA:239,11,0,0
BRDA:239,11,1,0
BRDA:240,12,0,0
BRDA:240,12,1,0
BRDA:256,13,0,0
BRDA:256,13,1,0
BRDA:272,14,0,0
BRDA:272,14,1,0
BRDA:282,15,0,0
BRDA:282,15,1,0
BRDA:297,16,0,0
BRDA:297,16,1,0
BRDA:301,17,0,0
BRDA:301,17,1,0
BRDA:302,18,0,0
BRDA:302,18,1,0
BRDA:303,19,0,0
BRDA:303,19,1,0
BRDA:304,20,0,0
BRDA:304,20,1,0
BRDA:316,21,0,0
BRDA:316,21,1,0
BRDA:354,22,0,0
BRDA:354,22,1,0
BRDA:354,22,2,0
BRDA:354,22,3,0
BRDA:354,22,4,0
BRDA:354,22,5,0
BRDA:388,23,0,0
BRDA:388,23,1,0
BRDA:415,24,0,0
BRDA:415,24,1,0
BRDA:436,25,0,0
BRDA:436,25,1,0
BRDA:468,26,0,0
BRDA:468,26,1,0
BRDA:489,27,0,0
BRDA:489,27,1,0
BRDA:522,28,0,0
BRDA:522,28,1,0
BRDA:543,29,0,0
BRDA:543,29,1,0
BRDA:575,30,0,0
BRDA:575,30,1,0
BRDA:596,31,0,0
BRDA:596,31,1,0
BRDA:627,32,0,0
BRDA:627,32,1,0
BRDA:648,33,0,0
BRDA:648,33,1,0
BRDA:674,34,0,0
BRDA:674,34,1,0
BRDA:683,35,0,0
BRDA:683,35,1,0
BRDA:688,36,0,0
BRDA:688,36,1,0
BRDA:694,37,0,0
BRDA:694,37,1,0
BRDA:703,38,0,0
BRDA:703,38,1,0
BRDA:726,39,0,0
BRDA:726,39,1,0
BRDA:734,40,0,0
BRDA:734,40,1,0
BRDA:737,41,0,0
BRDA:737,41,1,0
BRF:90
BRH:0
end_of_record
TN:
SF:src/orchestrator/MetricsCollector.ts
FN:87,(anonymous_7)
FN:94,(anonymous_8)
FN:138,(anonymous_10)
FN:147,(anonymous_12)
FN:155,(anonymous_13)
FN:156,(anonymous_14)
FN:158,(anonymous_15)
FN:200,(anonymous_16)
FN:213,(anonymous_18)
FN:255,(anonymous_19)
FN:260,(anonymous_21)
FN:261,(anonymous_22)
FN:262,(anonymous_23)
FN:269,(anonymous_24)
FN:270,(anonymous_25)
FN:300,(anonymous_26)
FN:311,(anonymous_28)
FN:312,(anonymous_29)
FN:316,(anonymous_30)
FN:321,(anonymous_31)
FN:326,(anonymous_32)
FN:327,(anonymous_33)
FN:365,(anonymous_34)
FN:411,(anonymous_36)
FN:438,(anonymous_38)
FN:461,(anonymous_40)
FN:472,(anonymous_42)
FN:473,(anonymous_44)
FN:476,(anonymous_45)
FN:484,(anonymous_46)
FN:486,(anonymous_48)
FN:499,(anonymous_49)
FN:501,(anonymous_51)
FN:514,(anonymous_52)
FN:516,(anonymous_54)
FN:519,(anonymous_55)
FN:526,(anonymous_56)
FN:528,(anonymous_58)
FN:536,(anonymous_59)
FN:550,(anonymous_60)
FN:552,(anonymous_62)
FN:564,(anonymous_63)
FN:566,(anonymous_65)
FN:582,(anonymous_66)
FN:584,(anonymous_68)
FN:600,(anonymous_69)
FN:602,(anonymous_71)
FN:619,(anonymous_72)
FN:621,(anonymous_74)
FN:637,(anonymous_75)
FN:639,(anonymous_77)
FN:656,(anonymous_78)
FN:661,(anonymous_79)
FN:666,(anonymous_80)
FN:671,(anonymous_81)
FN:676,(anonymous_82)
FN:681,(anonymous_83)
FN:686,(anonymous_84)
FN:691,(anonymous_85)
FN:696,(anonymous_86)
FN:716,(anonymous_87)
FN:726,(anonymous_89)
FN:735,(anonymous_91)
FN:740,(anonymous_93)
FN:750,(anonymous_95)
FN:762,(anonymous_97)
FN:771,(anonymous_99)
FN:780,(anonymous_101)
FN:796,(anonymous_103)
FN:805,(anonymous_105)
FN:810,(anonymous_106)
FN:810,(anonymous_107)
FN:822,(anonymous_108)
FN:831,(anonymous_109)
FN:835,(anonymous_110)
FN:835,(anonymous_111)
FN:843,(anonymous_112)
FN:851,(anonymous_113)
FN:855,(anonymous_114)
FN:860,(anonymous_115)
[...]
DA:172,0
DA:181,0
DA:183,0
DA:192,0
DA:196,0
DA:197,0
DA:198,0
DA:203,0
DA:205,0
DA:206,0
DA:214,0
DA:219,0
DA:220,0
DA:222,0
DA:223,0
DA:230,0
DA:231,0
DA:232,0
DA:233,0
DA:236,0
DA:237,0
DA:239,0
DA:240,0
DA:242,0
DA:243,0
DA:250,0
DA:251,0
DA:254,0
DA:255,0
DA:258,0
DA:260,0
DA:278,0
DA:279,0
DA:280,0
DA:281,0
DA:284,0
DA:285,0
DA:286,0
DA:289,0
DA:290,0
DA:291,0
DA:294,0
DA:295,0
DA:296,0
DA:297,0
DA:300,0
DA:316,0
DA:317,0
DA:320,0
DA:321,0
DA:322,0
DA:323,0
DA:325,0
DA:326,0
DA:327,0
DA:330,0
DA:352,0
DA:353,0
DA:357,0
DA:358,0
DA:360,0
DA:361,0
DA:364,0
DA:377,0
DA:381,0
DA:385,0
DA:386,0
DA:393,0
DA:394,0
DA:395,0
DA:398,0
DA:399,0
LF:94
LH:0
BRDA:111,0,0,0
BRDA:111,0,1,0
BRDA:116,1,0,0
BRDA:116,1,1,0
BRDA:122,2,0,0
BRDA:122,2,1,0
BRDA:125,3,0,0
BRDA:125,3,1,0
BRDA:161,4,0,0
BRDA:161,4,1,0
BRDA:161,5,0,0
BRDA:161,5,1,0
BRDA:171,6,0,0
BRDA:171,6,1,0
BRDA:171,7,0,0
BRDA:171,7,1,0
BRDA:181,8,0,0
BRDA:181,8,1,0
BRDA:181,9,0,0
BRDA:181,9,1,0
BRDA:181,9,2,0
BRDA:231,10,0,0
BRDA:231,10,1,0
BRDA:294,11,0,0
BRDA:294,11,1,0
BRDA:316,12,0,0
BRDA:316,12,1,0
BRDA:353,13,0,0
BRDA:353,13,1,0
BRDA:358,14,0,0
BRDA:358,14,1,0
BRDA:360,15,0,0
BRDA:360,15,1,0
BRDA:393,16,0,0
BRDA:393,16,1,0
BRF:35
BRH:0
end_of_record
TN:
SF:src/services/metrics/MetricsOrchestrator.ts
FN:46,(anonymous_7)
FN:68,(anonymous_8)
FN:125,(anonymous_10)
FN:160,(anonymous_12)
FN:195,(anonymous_14)
FN:211,(anonymous_16)
FN:218,(anonymous_17)
FN:230,(anonymous_18)
FN:247,(anonymous_19)
FN:262,(anonymous_20)
FN:269,(anonymous_21)
FN:279,(anonymous_22)
FN:294,(anonymous_23)
FN:310,(anonymous_24)
FN:332,(anonymous_25)
FN:347,(anonymous_26)
FN:364,(anonymous_27)
FN:381,(anonymous_28)
FN:415,(anonymous_29)
FN:417,(anonymous_31)
FN:421,(anonymous_32)
FN:426,(anonymous_33)
FN:438,(anonymous_34)
FN:439,(anonymous_35)
FN:439,(anonymous_36)
FN:476,(anonymous_37)
FN:531,(anonymous_39)
FN:597,(anonymous_41)
FNF:28
FNH:6
FNDA:31,(anonymous_7)
FNDA:0,(anonymous_8)
FNDA:21,(anonymous_10)
FNDA:35,(anonymous_12)
FNDA:1,(anonymous_14)
FNDA:0,(anonymous_16)
FNDA:0,(anonymous_17)
FNDA:0,(anonymous_18)
FNDA:0,(anonymous_19)
FNDA:0,(anonymous_20)
FNDA:0,(anonymous_21)
FNDA:0,(anonymous_22)
FNDA:0,(anonymous_23)
FNDA:0,(anonymous_24)
FNDA:0,(anonymous_25)
FNDA:0,(anonymous_26)
FNDA:0,(anonymous_27)
FNDA:0,(anonymous_28)
FNDA:0,(anonymous_29)
FNDA:0,(anonymous_31)
FNDA:0,(anonymous_32)
FNDA:0,(anonymous_33)
FNDA:19,(anonymous_34)
FNDA:0,(anonymous_35)
FNDA:0,(anonymous_36)
FNDA:1,(anonymous_37)
FNDA:0,(anonymous_39)
FNDA:0,(anonymous_41)
DA:40,31
DA:41,31
DA:44,31
DA:47,31
DA:48,31
DA:49,31
DA:69,0
DA:70,0
DA:73,0
DA:74,0
DA:78,0
DA:81,0
DA:82,0
DA:86,0
DA:89,0
DA:90,0
DA:94,0
DA:97,0
DA:98,0
DA:102,0
DA:105,0
DA:106,0
DA:110,0
DA:113,0
DA:114,0
DA:116,0
DA:117,0
DA:118,0
DA:126,21
DA:127,2
DA:128,2
DA:131,19
DA:132,19
DA:135,19
DA:136,0
DA:137,0
DA:140,19
DA:141,19
DA:144,19
DA:145,19
DA:148,19
DA:149,19
DA:151,0
DA:152,0
DA:153,0
DA:161,35
DA:162,17
DA:163,17
DA:166,18
DA:167,18
DA:170,18
DA:171,18
DA:172,18
DA:176,18
DA:177,0
DA:178,0
DA:181,18
DA:183,18
DA:184,18
DA:186,0
DA:187,0
DA:188,0
DA:196,1
DA:197,1
DA:198,1
DA:199,0
DA:201,1
DA:203,0
DA:204,0
DA:212,0
DA:219,0
DA:220,0
DA:221,0
DA:224,0
DA:225,0
DA:226,0
DA:231,0
DA:232,0
DA:233,0
DA:236,0
DA:237,0
DA:238,0
DA:241,0
DA:242,0
DA:243,0
DA:248,0
DA:249,0
DA:250,0
DA:253,0
DA:254,0
DA:255,0
DA:263,0
DA:264,0
DA:265,0
DA:270,0
DA:271,0
DA:272,0
DA:285,0
DA:286,0
DA:287,0
DA:301,0
DA:302,0
DA:303,0
DA:316,0
DA:317,0
DA:318,0
DA:321,0
DA:322,0
DA:324,0
DA:325,0
DA:338,0
DA:339,0
DA:340,0
DA:355,0
DA:356,0
DA:357,0
DA:372,0
DA:373,0
DA:374,0
DA:382,0
DA:384,0
DA:385,0
DA:386,0
DA:389,0
DA:390,0
DA:391,0
DA:394,0
DA:395,0
DA:396,0
DA:399,0
DA:400,0
DA:401,0
DA:404,0
DA:405,0
DA:406,0
DA:409,0
DA:417,0
DA:418,0
DA:421,0
DA:422,0
DA:423,0
DA:426,0
DA:427,0
DA:428,0
DA:431,0
DA:432,0
DA:439,19
DA:440,0
DA:441,0
DA:442,0
DA:443,0
DA:444,0
DA:447,0
DA:448,0
DA:455,0
DA:459,0
DA:462,0
DA:463,0
DA:467,0
DA:468,0
DA:477,1
DA:479,1
DA:481,1
DA:482,1
DA:483,0
DA:484,0
DA:485,0
DA:489,1
DA:490,1
DA:491,0
DA:492,0
DA:493,0
DA:497,1
DA:498,1
DA:499,0
DA:500,0
DA:501,0
DA:505,1
DA:506,1
DA:507,0
DA:508,0
DA:509,0
DA:513,1
DA:514,1
DA:515,0
DA:516,0
DA:517,0
DA:521,1
DA:523,0
DA:524,0
DA:532,0
DA:534,0
DA:542,0
DA:543,0
DA:545,0
DA:546,0
DA:547,0
DA:550,0
DA:552,0
DA:553,0
DA:554,0
DA:557,0
DA:559,0
DA:560,0
DA:561,0
DA:564,0
DA:565,0
DA:566,0
DA:569,0
DA:570,0
DA:571,0
DA:574,0
DA:575,0
DA:579,0
DA:588,0
DA:590,0
DA:598,0
DA:601,0
DA:602,0
DA:603,0
DA:604,0
DA:606,0
DA:610,0
DA:611,0
DA:612,0
DA:614,0
LF:226
LH:48
BRDA:46,0,0,0
BRDA:73,1,0,0
BRDA:73,1,1,0
BRDA:73,2,0,0
BRDA:73,2,1,0
BRDA:81,3,0,0
BRDA:81,3,1,0
BRDA:81,4,0,0
BRDA:81,4,1,0
BRDA:89,5,0,0
BRDA:89,5,1,0
BRDA:89,6,0,0
BRDA:89,6,1,0
BRDA:97,7,0,0
BRDA:97,7,1,0
BRDA:97,8,0,0
BRDA:97,8,1,0
BRDA:105,9,0,0
BRDA:105,9,1,0
BRDA:105,10,0,0
BRDA:105,10,1,0
BRDA:126,11,0,2
BRDA:126,11,1,19
BRDA:144,12,0,19
BRDA:144,12,1,0
BRDA:161,13,0,17
BRDA:161,13,1,18
BRDA:170,14,0,18
BRDA:170,14,1,0
BRDA:198,15,0,0
BRDA:198,15,1,1
BRDA:212,16,0,0
BRDA:212,16,1,0
BRDA:220,17,0,0
BRDA:220,17,1,0
BRDA:225,18,0,0
BRDA:225,18,1,0
BRDA:232,19,0,0
BRDA:232,19,1,0
BRDA:237,20,0,0
BRDA:237,20,1,0
BRDA:242,21,0,0
BRDA:242,21,1,0
BRDA:249,22,0,0
BRDA:249,22,1,0
BRDA:254,23,0,0
BRDA:254,23,1,0
BRDA:264,24,0,0
BRDA:264,24,1,0
BRDA:271,25,0,0
BRDA:271,25,1,0
BRDA:286,26,0,0
BRDA:286,26,1,0
BRDA:302,27,0,0
BRDA:302,27,1,0
BRDA:317,28,0,0
BRDA:317,28,1,0
BRDA:322,29,0,0
BRDA:322,29,1,0
BRDA:339,30,0,0
BRDA:339,30,1,0
BRDA:356,31,0,0
BRDA:356,31,1,0
BRDA:373,32,0,0
BRDA:373,32,1,0
BRDA:385,33,0,0
BRDA:385,33,1,0
BRDA:390,34,0,0
BRDA:390,34,1,0
BRDA:395,35,0,0
BRDA:395,35,1,0
BRDA:400,36,0,0
BRDA:400,36,1,0
BRDA:405,37,0,0
BRDA:405,37,1,0
BRDA:442,38,0,0
BRDA:442,38,1,0
BRDA:447,39,0,0
BRDA:447,39,1,0
BRDA:462,40,0,0
BRDA:462,40,1,0
BRDA:482,41,0,0
BRDA:482,41,1,1
BRDA:484,42,0,0
BRDA:484,42,1,0
BRDA:490,43,0,0
BRDA:490,43,1,1
BRDA:492,44,0,0
BRDA:492,44,1,0
BRDA:498,45,0,0
BRDA:498,45,1,1
BRDA:500,46,0,0
BRDA:500,46,1,0
BRDA:506,47,0,0
BRDA:506,47,1,1
BRDA:508,48,0,0
BRDA:508,48,1,0
BRDA:514,49,0,0
BRDA:514,49,1,1
BRDA:516,50,0,0
BRDA:516,50,1,0
BRDA:521,51,0,0
BRDA:521,51,1,1
BRDA:545,52,0,0
BRDA:545,52,1,0
BRDA:550,53,0,0
BRDA:550,53,1,0
BRDA:557,54,0,0
BRDA:557,54,1,0
BRDA:564,55,0,0
BRDA:564,55,1,0
BRDA:569,56,0,0
BRDA:569,56,1,0
BRDA:574,57,0,0
BRDA:574,57,1,0
BRF:115
BRH:13
end_of_record
TN:
SF:src/services/metrics/PerformanceMetricsCollector.ts
FN:39,(anonymous_7)
FN:56,(anonymous_8)
FN:83,(anonymous_10)
FN:124,(anonymous_12)
FN:167,(anonymous_13)
FN:169,(anonymous_15)
FN:169,(anonymous_16)
FN:185,(anonymous_17)
FN:207,(anonymous_18)
FN:237,(anonymous_19)
FN:259,(anonymous_20)
FN:279,(anonymous_21)
FN:301,(anonymous_22)
FN:336,(anonymous_23)
FN:340,(anonymous_24)
FN:344,(anonymous_25)
FN:348,(anonymous_26)
FN:352,(anonymous_27)
FNF:18
FNH:0
FNDA:0,(anonymous_7)
FNDA:0,(anonymous_8)
FNDA:0,(anonymous_10)
FNDA:0,(anonymous_12)
FNDA:0,(anonymous_13)
FNDA:0,(anonymous_15)
FNDA:0,(anonymous_16)
FNDA:0,(anonymous_17)
FNDA:0,(anonymous_18)
FNDA:0,(anonymous_19)
FNDA:0,(anonymous_20)
FNDA:0,(anonymous_21)
FNDA:0,(anonymous_22)
FNDA:0,(anonymous_23)
FNDA:0,(anonymous_24)
FNDA:0,(anonymous_25)
FNDA:0,(anonymous_26)
FNDA:0,(anonymous_27)
DA:40,0
DA:41,0
DA:57,0
DA:60,0
DA:61,0
DA:62,0
DA:64,0
DA:65,0
DA:66,0
DA:67,0
DA:68,0
DA:70,0
DA:71,0
DA:76,0
DA:84,0
DA:87,0
DA:91,0
DA:95,0
DA:99,0
DA:103,0
DA:107,0
DA:125,0
DA:126,0
DA:128,0
DA:129,0
DA:130,0
DA:140,0
DA:141,0
DA:142,0
DA:152,0
DA:153,0
DA:154,0
DA:164,0
DA:168,0
DA:169,0
DA:170,0
DA:175,0
DA:177,0
DA:178,0
DA:186,0
DA:194,0
DA:196,0
DA:197,0
DA:200,0
DA:201,0
DA:208,0
DA:209,0
DA:210,0
DA:211,0
DA:214,0
DA:215,0
DA:216,0
DA:217,0
DA:219,0
DA:221,0
DA:222,0
DA:225,0
DA:226,0
DA:227,0
DA:230,0
DA:231,0
DA:238,0
DA:239,0
DA:240,0
DA:241,0
DA:244,0
DA:245,0
DA:246,0
DA:247,0
DA:249,0
DA:250,0
DA:252,0
DA:253,0
DA:260,0
DA:261,0
DA:262,0
DA:263,0
DA:266,0
DA:267,0
DA:268,0
DA:270,0
DA:272,0
DA:273,0
DA:280,0
DA:281,0
DA:282,0
DA:283,0
DA:286,0
DA:288,0
DA:289,0
DA:291,0
DA:294,0
DA:295,0
DA:309,0
DA:313,0
DA:317,0
DA:321,0
DA:325,0
DA:337,0
DA:341,0
DA:345,0
DA:349,0
DA:353,0
LF:103
LH:0
BRDA:62,0,0,0
BRDA:62,0,1,0
BRDA:62,1,0,0
BRDA:62,1,1,0
BRDA:65,2,0,0
BRDA:65,2,1,0
BRDA:66,3,0,0
BRDA:66,3,1,0
BRDA:67,4,0,0
BRDA:67,4,1,0
BRDA:68,5,0,0
BRDA:68,5,1,0
BRDA:70,6,0,0
BRDA:70,6,1,0
BRDA:87,7,0,0
BRDA:87,7,1,0
BRDA:91,8,0,0
BRDA:91,8,1,0
BRDA:95,9,0,0
BRDA:95,9,1,0
BRDA:99,10,0,0
BRDA:99,10,1,0
BRDA:103,11,0,0
BRDA:103,11,1,0
BRDA:128,12,0,0
BRDA:128,12,1,0
BRDA:129,13,0,0
BRDA:129,13,1,0
BRDA:129,14,0,0
BRDA:129,14,1,0
BRDA:140,15,0,0
BRDA:140,15,1,0
BRDA:140,16,0,0
BRDA:140,16,1,0
BRDA:141,17,0,0
BRDA:141,17,1,0
BRDA:152,18,0,0
BRDA:152,18,1,0
BRDA:153,19,0,0
BRDA:153,19,1,0
BRDA:153,20,0,0
BRDA:153,20,1,0
BRDA:196,21,0,0
BRDA:196,21,1,0
BRDA:196,22,0,0
BRDA:196,22,1,0
BRDA:209,23,0,0
BRDA:209,23,1,0
BRDA:221,24,0,0
BRDA:221,24,1,0
BRDA:225,25,0,0
BRDA:225,25,1,0
BRDA:239,26,0,0
BRDA:239,26,1,0
BRDA:261,27,0,0
BRDA:261,27,1,0
BRDA:281,28,0,0
BRDA:281,28,1,0
BRDA:288,29,0,0
BRDA:288,29,1,0
BRDA:309,30,0,0
BRDA:309,30,1,0
BRDA:313,31,0,0
BRDA:313,31,1,0
BRDA:317,32,0,0
BRDA:317,32,1,0
BRDA:321,33,0,0
BRDA:321,33,1,0
BRF:68
BRH:0
end_of_record
TN:
SF:src/services/metrics/QualityMetricsCollector.ts
FN:67,(anonymous_7)
FN:89,(anonymous_8)
FN:100,(anonymous_10)
FN:162,(anonymous_12)
FN:202,(anonymous_13)
FN:204,(anonymous_15)
FN:204,(anonymous_16)
FN:220,(anonymous_17)
FN:273,(anonymous_18)
FN:289,(anonymous_19)
FN:345,(anonymous_20)
FN:378,(anonymous_21)
FN:383,(anonymous_22)
FN:390,(anonymous_23)
FN:401,(anonymous_24)
FN:402,(anonymous_25)
FN:403,(anonymous_26)
FN:404,(anonymous_27)
FN:417,(anonymous_28)
FN:454,(anonymous_29)
FN:461,(anonymous_30)
FN:473,(anonymous_31)
FN:494,(anonymous_32)
FN:503,(anonymous_33)
FN:511,(anonymous_34)
FN:515,(anonymous_35)
FN:524,(anonymous_36)
FNF:27
FNH:0
FNDA:0,(anonymous_7)
FNDA:0,(anonymous_8)
FNDA:0,(anonymous_10)
FNDA:0,(anonymous_12)
FNDA:0,(anonymous_13)
FNDA:0,(anonymous_15)
FNDA:0,(anonymous_16)
FNDA:0,(anonymous_17)
FNDA:0,(anonymous_18)
FNDA:0,(anonymous_19)
FNDA:0,(anonymous_20)
FNDA:0,(anonymous_21)
FNDA:0,(anonymous_22)
FNDA:0,(anonymous_23)
FNDA:0,(anonymous_24)
FNDA:0,(anonymous_25)
FNDA:0,(anonymous_26)
FNDA:0,(anonymous_27)
FNDA:0,(anonymous_28)
FNDA:0,(anonymous_29)
FNDA:0,(anonymous_30)
FNDA:0,(anonymous_31)
FNDA:0,(anonymous_32)
FNDA:0,(anonymous_33)
FNDA:0,(anonymous_34)
FNDA:0,(anonymous_35)
FNDA:0,(anonymous_36)
DA:68,0
DA:69,0
DA:90,0
DA:93,0
DA:94,0
DA:95,0
DA:96,0
DA:97,0
DA:101,0
DA:104,0
DA:105,0
DA:106,0
DA:108,0
DA:109,0
DA:115,0
DA:116,0
DA:119,0
DA:122,0
DA:127,0
DA:132,0
DA:135,0
DA:138,0
DA:145,0
DA:163,0
DA:164,0
DA:166,0
DA:168,0
DA:177,0
DA:179,0
DA:188,0
DA:190,0
DA:199,0
DA:203,0
DA:204,0
DA:205,0
DA:210,0
DA:212,0
DA:213,0
DA:226,0
DA:228,0
DA:229,0
DA:237,0
DA:241,0
DA:242,0
DA:243,0
DA:245,0
DA:246,0
DA:248,0
DA:249,0
DA:251,0
DA:255,0
DA:256,0
DA:258,0
DA:260,0
DA:267,0
DA:276,0
DA:277,0
DA:279,0
DA:283,0
DA:297,0
DA:300,0
DA:301,0
DA:302,0
DA:303,0
DA:304,0
DA:305,0
DA:307,0
DA:308,0
DA:311,0
DA:323,0
DA:324,0
DA:326,0
DA:332,0
DA:339,0
DA:353,0
DA:355,0
DA:366,0
DA:368,0
DA:372,0
DA:379,0
DA:380,0
DA:383,0
DA:384,0
DA:391,0
DA:392,0
DA:400,0
DA:401,0
DA:402,0
DA:403,0
DA:404,0
DA:406,0
DA:426,0
DA:430,0
DA:434,0
DA:438,0
DA:440,0
DA:461,0
DA:480,0
DA:484,0
DA:508,0
LF:100
LH:0
BRDA:119,0,0,0
BRDA:119,0,1,0
BRDA:122,1,0,0
BRDA:122,1,1,0
BRDA:127,2,0,0
BRDA:127,2,1,0
BRDA:166,3,0,0
BRDA:166,3,1,0
BRDA:166,4,0,0
BRDA:166,4,1,0
BRDA:166,4,2,0
BRDA:177,5,0,0
BRDA:177,5,1,0
BRDA:177,6,0,0
BRDA:177,6,1,0
BRDA:177,6,2,0
BRDA:188,7,0,0
BRDA:188,7,1,0
BRDA:188,8,0,0
BRDA:188,8,1,0
BRDA:188,8,2,0
BRDA:228,9,0,0
BRDA:228,9,1,0
BRDA:248,10,0,0
BRDA:248,10,1,0
BRDA:255,11,0,0
BRDA:255,11,1,0
BRDA:295,12,0,0
BRDA:300,13,0,0
BRDA:300,13,1,0
BRDA:303,14,0,0
BRDA:303,14,1,0
BRDA:379,15,0,0
BRDA:379,15,1,0
BRDA:391,16,0,0
BRDA:391,16,1,0
BRDA:426,17,0,0
BRDA:426,17,1,0
BRDA:430,18,0,0
BRDA:430,18,1,0
BRDA:434,19,0,0
BRDA:434,19,1,0
BRDA:480,20,0,0
BRDA:480,20,1,0
BRF:44
BRH:0
end_of_record
TN:
SF:src/services/metrics/RobustnessMetricsCollector.ts
FN:62,(anonymous_7)
FN:80,(anonymous_8)
FN:91,(anonymous_10)
FN:135,(anonymous_12)
FN:164,(anonymous_13)
FN:166,(anonymous_15)
FN:166,(anonymous_16)
FN:182,(anonymous_17)
FN:228,(anonymous_18)
FN:286,(anonymous_19)
FN:302,(anonymous_20)
FN:303,(anonymous_21)
FN:320,(anonymous_22)
FN:336,(anonymous_23)
FN:340,(anonymous_24)
FN:342,(anonymous_25)
FN:363,(anonymous_26)
FN:398,(anonymous_27)
FN:404,(anonymous_28)
FN:413,(anonymous_29)
FN:417,(anonymous_30)
FN:418,(anonymous_31)
FN:419,(anonymous_32)
FN:435,(anonymous_33)
FN:472,(anonymous_34)
FN:482,(anonymous_35)
FN:491,(anonymous_36)
FN:499,(anonymous_37)
FN:503,(anonymous_38)
FNF:29
FNH:0
FNDA:0,(anonymous_7)
FNDA:0,(anonymous_8)
FNDA:0,(anonymous_10)
FNDA:0,(anonymous_12)
FNDA:0,(anonymous_13)
FNDA:0,(anonymous_15)
FNDA:0,(anonymous_16)
FNDA:0,(anonymous_17)
FNDA:0,(anonymous_18)
FNDA:0,(anonymous_19)
FNDA:0,(anonymous_20)
FNDA:0,(anonymous_21)
FNDA:0,(anonymous_22)
FNDA:0,(anonymous_23)
FNDA:0,(anonymous_24)
FNDA:0,(anonymous_25)
FNDA:0,(anonymous_26)
FNDA:0,(anonymous_27)
FNDA:0,(anonymous_28)
FNDA:0,(anonymous_29)
FNDA:0,(anonymous_30)
FNDA:0,(anonymous_31)
FNDA:0,(anonymous_32)
FNDA:0,(anonymous_33)
FNDA:0,(anonymous_34)
FNDA:0,(anonymous_35)
FNDA:0,(anonymous_36)
FNDA:0,(anonymous_37)
FNDA:0,(anonymous_38)
DA:63,0
DA:64,0
DA:81,0
DA:84,0
DA:85,0
DA:86,0
DA:87,0
DA:88,0
DA:92,0
DA:95,0
DA:99,0
DA:104,0
DA:112,0
DA:115,0
DA:118,0
DA:120,0
DA:136,0
DA:137,0
DA:139,0
DA:141,0
DA:150,0
DA:152,0
DA:161,0
DA:165,0
DA:166,0
DA:167,0
DA:172,0
DA:174,0
DA:175,0
DA:188,0
DA:190,0
DA:202,0
DA:203,0
DA:204,0
DA:207,0
DA:209,0
DA:210,0
DA:212,0
DA:213,0
DA:215,0
DA:216,0
DA:219,0
DA:220,0
DA:222,0
DA:234,0
DA:235,0
DA:236,0
DA:237,0
DA:240,0
DA:241,0
DA:250,0
DA:251,0
DA:253,0
DA:256,0
DA:257,0
DA:258,0
DA:260,0
DA:262,0
DA:263,0
DA:264,0
DA:265,0
DA:266,0
DA:269,0
DA:276,0
DA:278,0
DA:279,0
DA:287,0
DA:293,0
DA:295,0
DA:296,0
DA:303,0
DA:304,0
DA:305,0
DA:306,0
DA:309,0
DA:310,0
DA:311,0
DA:313,0
DA:314,0
DA:321,0
DA:324,0
DA:325,0
DA:326,0
DA:327,0
DA:328,0
DA:330,0
DA:334,0
DA:335,0
DA:336,0
DA:337,0
DA:340,0
DA:341,0
DA:342,0
DA:345,0
DA:349,0
DA:357,0
DA:364,0
DA:372,0
DA:373,0
DA:375,0
DA:376,0
DA:378,0
DA:379,0
DA:381,0
DA:382,0
DA:384,0
DA:385,0
DA:387,0
DA:388,0
DA:392,0
DA:399,0
DA:403,0
DA:404,0
DA:407,0
DA:408,0
DA:413,0
DA:414,0
DA:416,0
DA:417,0
DA:418,0
DA:419,0
DA:420,0
DA:421,0
DA:424,0
DA:443,0
DA:444,0
DA:445,0
DA:449,0
DA:453,0
DA:457,0
DA:461,0
LF:131
LH:0
BRDA:95,0,0,0
BRDA:95,0,1,0
BRDA:99,1,0,0
BRDA:99,1,1,0
BRDA:139,2,0,0
BRDA:139,2,1,0
BRDA:139,3,0,0
BRDA:139,3,1,0
BRDA:139,3,2,0
BRDA:150,4,0,0
BRDA:150,4,1,0
BRDA:150,5,0,0
BRDA:150,5,1,0
BRDA:150,5,2,0
BRDA:207,6,0,0
BRDA:207,6,1,0
BRDA:207,6,2,0
BRDA:235,7,0,0
BRDA:235,7,1,0
BRDA:250,8,0,0
BRDA:250,8,1,0
BRDA:262,9,0,0
BRDA:262,9,1,0
BRDA:278,10,0,0
BRDA:278,10,1,0
BRDA:286,11,0,0
BRDA:304,12,0,0
BRDA:304,12,1,0
BRDA:327,13,0,0
BRDA:327,13,1,0
BRDA:337,14,0,0
BRDA:337,14,1,0
BRDA:341,15,0,0
BRDA:341,15,1,0
BRDA:345,16,0,0
BRDA:345,16,1,0
BRDA:373,17,0,0
BRDA:373,17,1,0
BRDA:373,17,2,0
BRDA:373,17,3,0
BRDA:373,17,4,0
BRDA:399,18,0,0
BRDA:399,18,1,0
BRDA:403,19,0,0
BRDA:403,19,1,0
BRDA:404,20,0,0
BRDA:404,20,1,0
BRDA:408,21,0,0
BRDA:408,21,1,0
BRDA:416,22,0,0
BRDA:416,22,1,0
BRDA:420,23,0,0
BRDA:420,23,1,0
BRDA:445,24,0,0
BRDA:445,24,1,0
BRDA:449,25,0,0
BRDA:449,25,1,0
BRDA:453,26,0,0
BRDA:453,26,1,0
BRDA:457,27,0,0
BRDA:457,27,1,0
BRF:61
BRH:0
end_of_record
TN:
SF:src/store/useDashboardStore.ts
FN:39,(anonymous_0)
FN:49,(anonymous_1)
FN:51,(anonymous_2)
FN:53,(anonymous_3)
FN:55,(anonymous_4)
FN:57,(anonymous_5)
FN:57,(anonymous_6)
FN:61,(anonymous_7)
FN:63,(anonymous_8)
FN:65,(anonymous_9)
FN:65,(anonymous_10)
FN:69,(anonymous_11)
FN:69,(anonymous_12)
FN:70,(anonymous_13)
FN:75,(anonymous_14)
FN:75,(anonymous_15)
FN:79,(anonymous_16)
FN:79,(anonymous_17)
FN:80,(anonymous_18)
FNF:19
FNH:19
FNDA:1,(anonymous_0)
FNDA:54,(anonymous_1)
FNDA:41,(anonymous_2)
FNDA:37,(anonymous_3)
FNDA:35,(anonymous_4)
FNDA:138,(anonymous_5)
FNDA:138,(anonymous_6)
FNDA:137,(anonymous_7)
FNDA:41,(anonymous_8)
FNDA:2,(anonymous_9)
FNDA:2,(anonymous_10)
FNDA:4,(anonymous_11)
FNDA:4,(anonymous_12)
FNDA:4,(anonymous_13)
FNDA:2,(anonymous_14)
FNDA:2,(anonymous_15)
FNDA:6,(anonymous_16)
FNDA:6,(anonymous_17)
FNDA:6,(anonymous_18)
DA:28,1
DA:39,1
DA:49,54
DA:51,41
DA:53,37
DA:55,35
DA:57,138
DA:61,137
DA:63,41
DA:65,2
DA:69,4
DA:71,4
DA:75,2
DA:79,6
DA:81,6
LF:15
LH:15
BRDA:71,0,0,2
BRDA:71,0,1,2
BRDA:81,1,0,4
BRDA:81,1,1,2
BRF:4
BRH:4
end_of_record
TN:
SF:src/types/metrics.ts
FN:295,isPerformanceMetrics
FN:303,isEfficiencyMetrics
FN:311,isCostMetrics
FN:319,isRobustnessMetrics
FN:326,isQualityMetrics
FN:333,validateMetrics
FNF:6
FNH:0
FNDA:0,isPerformanceMetrics
FNDA:0,isEfficiencyMetrics
FNDA:0,isCostMetrics
FNDA:0,isRobustnessMetrics
FNDA:0,isQualityMetrics
FNDA:0,validateMetrics
DA:296,0
DA:304,0
DA:312,0
DA:320,0
DA:327,0
DA:334,0
DA:336,0
DA:337,0
DA:338,0
DA:348,0
DA:349,0
DA:350,0
DA:360,0
DA:361,0
DA:362,0
DA:372,0
LF:16
LH:0
BRDA:296,0,0,0
BRDA:296,0,1,0
BRDA:296,0,2,0
BRDA:296,0,3,0
BRDA:296,0,4,0
BRDA:304,1,0,0
BRDA:304,1,1,0
BRDA:304,1,2,0
BRDA:304,1,3,0
BRDA:304,1,4,0
BRDA:312,2,0,0
BRDA:312,2,1,0
BRDA:312,2,2,0
BRDA:312,2,3,0
BRDA:312,2,4,0
BRDA:320,3,0,0
BRDA:320,3,1,0
BRDA:320,3,2,0
BRDA:320,3,3,0
BRDA:320,3,4,0
BRDA:327,4,0,0
BRDA:327,4,1,0
BRDA:327,4,2,0
BRDA:327,4,3,0
BRDA:336,5,0,0
BRDA:336,5,1,0
BRDA:337,6,0,0
BRDA:337,6,1,0
BRDA:337,7,0,0
BRDA:337,7,1,0
BRDA:348,8,0,0
BRDA:348,8,1,0
BRDA:349,9,0,0
BRDA:349,9,1,0
BRDA:360,10,0,0
BRDA:360,10,1,0
BRDA:361,11,0,0
BRDA:361,11,1,0
BRF:38
BRH:0
end_of_record
TN:
SF:src/utils/helpers.ts
FN:5,cn
FN:9,formatNumber
FN:19,formatCurrency
FN:26,formatDuration
FN:39,formatDate
FN:44,calculateOverallScore
FN:70,getStatusColor
FN:89,getTrendIcon
FN:102,getTrendColor
FN:115,debounce
FN:120,(anonymous_10)
FN:122,(anonymous_11)
FN:126,calculatePercentile
FN:128,(anonymous_13)
FN:129,(anonymous_14)
FN:134,generateMockData
FNF:16
FNH:16
FNDA:4,cn
FNDA:11,formatNumber
FNDA:8,formatCurrency
FNDA:13,formatDuration
FNDA:5,formatDate
FNDA:4,calculateOverallScore
FNDA:10,getStatusColor
FNDA:4,getTrendIcon
FNDA:4,getTrendColor
FNDA:3,debounce
FNDA:7,(anonymous_10)
FNDA:3,(anonymous_11)
FNDA:8,calculatePercentile
FNDA:48,(anonymous_13)
FNDA:27,(anonymous_14)
FNDA:4,generateMockData
DA:6,4
DA:10,11
DA:11,2
DA:13,9
DA:14,2
DA:16,7
DA:20,8
DA:27,13
DA:28,4
DA:30,9
DA:31,2
DA:33,7
DA:34,3
DA:36,4
DA:40,5
DA:41,5
DA:45,4
DA:54,4
DA:57,4
DA:58,4
DA:60,4
DA:61,4
DA:62,4
DA:63,4
DA:64,4
DA:65,4
DA:67,4
DA:71,10
DA:75,3
DA:78,2
DA:80,1
DA:83,2
DA:85,2
DA:90,4
DA:92,1
DA:94,1
DA:96,1
DA:98,1
DA:103,4
DA:105,1
DA:107,1
DA:109,1
DA:111,1
DA:120,3
DA:121,7
DA:122,7
DA:127,8
DA:128,48
DA:129,27
DA:130,7
DA:131,6
DA:136,4
LF:52
LH:52
BRDA:9,0,0,8
BRDA:10,1,0,2
BRDA:10,1,1,9
BRDA:13,2,0,2
BRDA:13,2,1,7
BRDA:27,3,0,4
BRDA:27,3,1,9
BRDA:30,4,0,2
BRDA:30,4,1,7
BRDA:33,5,0,3
BRDA:33,5,1,4
BRDA:40,6,0,1
BRDA:40,6,1,4
BRDA:71,7,0,1
BRDA:71,7,1,2
BRDA:71,7,2,3
BRDA:71,7,3,1
BRDA:71,7,4,2
BRDA:71,7,5,1
BRDA:71,7,6,1
BRDA:71,7,7,2
BRDA:71,7,8,2
BRDA:90,8,0,1
BRDA:90,8,1,1
BRDA:90,8,2,1
BRDA:90,8,3,1
BRDA:103,9,0,1
BRDA:103,9,1,1
BRDA:103,9,2,1
BRDA:103,9,3,1
BRDA:127,10,0,1
BRDA:127,10,1,7
BRDA:130,11,0,1
BRDA:130,11,1,6
BRF:34
BRH:34
end_of_record
TN:
SF:src/utils/logger.ts
FN:14,(anonymous_1)
FN:61,(anonymous_2)
FNF:2
FNH:0
FNDA:0,(anonymous_1)
FNDA:0,(anonymous_2)
DA:3,2
DA:4,2
DA:14,0
DA:15,0
DA:16,0
DA:17,0
DA:19,0
DA:20,0
DA:22,0
DA:26,2
DA:60,2
DA:61,0
DA:62,0
DA:63,0
LF:14
LH:4
BRDA:3,0,0,2
BRDA:3,0,1,0
BRDA:4,1,0,0
BRDA:4,1,1,2
BRDA:16,2,0,0
BRDA:16,2,1,0
BRDA:19,3,0,0
BRDA:19,3,1,0
BRDA:31,4,0,0
BRDA:31,4,1,2
BRDA:47,5,0,0
BRDA:47,5,1,2
BRDA:53,6,0,0
BRDA:53,6,1,2
BRDA:60,7,0,0
BRDA:60,7,1,2
BRDA:62,8,0,0
BRDA:62,8,1,0
BRF:18
BRH:6
end_of_record
